

  NavigationHelper
    getNavigationItem()
      √ returns a NavigationItem


  1 passing (19ms)

TN:
SF:C:\Users\micha\Projects\typedoc-plugin-markdown-pages\src\constants.ts
FNF:0
FNH:0
DA:1,0
DA:2,0
LF:2
LH:0
BRF:0
BRH:0
end_of_record
TN:
SF:C:\Users\micha\Projects\typedoc-plugin-markdown-pages\src\index.ts
FN:6,(anonymous_0)
FNF:1
FNH:0
FNDA:0,(anonymous_0)
DA:6,0
DA:7,0
DA:9,0
DA:10,0
DA:14,0
DA:15,0
DA:18,0
LF:7
LH:0
BRDA:9,0,0,0
BRDA:9,0,1,0
BRF:2
BRH:0
end_of_record
TN:
SF:C:\Users\micha\Projects\typedoc-plugin-markdown-pages\src\options.ts
FNF:0
FNH:0
DA:4,0
DA:13,0
LF:2
LH:0
BRF:0
BRH:0
end_of_record
TN:
SF:C:\Users\micha\Projects\typedoc-plugin-markdown-pages\src\helpers\navigation-helper.ts
FN:9,(anonymous_0)
FN:13,(anonymous_1)
FNF:2
FNH:2
FNDA:1,(anonymous_0)
FNDA:1,(anonymous_1)
DA:1,1
DA:6,1
DA:10,1
DA:15,1
DA:17,1
DA:18,1
DA:20,1
DA:21,1
DA:22,1
DA:23,1
DA:26,0
DA:28,0
DA:29,0
DA:30,0
DA:33,1
DA:35,0
DA:36,0
DA:37,0
LF:18
LH:11
BRF:0
BRH:0
end_of_record
TN:
SF:C:\Users\micha\Projects\typedoc-plugin-markdown-pages\src\interfaces\markdown-page-collection-interface.ts
FNF:0
FNH:0
LF:0
LH:0
BRF:0
BRH:0
end_of_record
TN:
SF:C:\Users\micha\Projects\typedoc-plugin-markdown-pages\src\interfaces\markdown-page-interface.ts
FNF:0
FNH:0
LF:0
LH:0
BRF:0
BRH:0
end_of_record
TN:
SF:C:\Users\micha\Projects\typedoc-plugin-markdown-pages\src\theme\assets\js\main.js
FN:1,(anonymous_0)
FN:1,(anonymous_1)
FN:1,(anonymous_2)
FN:1,s
FN:1,x
FN:1,(anonymous_5)
FN:1,(anonymous_6)
FN:1,(anonymous_7)
FN:1,D
FN:1,G
FN:1,(anonymous_10)
FN:1,I
FN:1,K
FN:1,(anonymous_13)
FN:1,P
FN:1,Z
FN:1,$
FN:1,_
FN:1,jb
FN:1,kb
FN:1,lb
FN:1,mb
FN:1,nb
FN:1,ob
FN:1,pb
FN:1,sb
FN:1,tb
FN:1,xb
FN:1,yb
FN:1,(anonymous_29)
FN:1,Fb
FN:1,Gb
FN:1,Hb
FN:1,Ib
FN:1,Jb
FN:1,Kb
FN:1,Sb
FN:1,(anonymous_37)
FN:1,Tb
FN:1,Ub
FN:1,Vb
FN:1,(anonymous_41)
FN:1,(anonymous_42)
FN:1,(anonymous_43)
FN:1,(anonymous_44)
FN:1,(anonymous_45)
FN:1,(anonymous_46)
FN:1,Wb
FN:1,Xb
FN:1,(anonymous_49)
FN:1,(anonymous_50)
FN:1,(anonymous_51)
FN:1,(anonymous_52)
FN:1,rc
FN:1,(anonymous_54)
FN:1,sc
FN:1,g
FN:1,(anonymous_57)
FN:1,tc
FN:1,uc
FN:1,vc
FN:1,Bc
FN:1,(anonymous_62)
FN:1,Kc
FN:1,(anonymous_64)
FN:1,(anonymous_65)
FN:1,(anonymous_66)
FN:1,(anonymous_67)
FN:1,(anonymous_68)
FN:1,(anonymous_69)
FN:1,(anonymous_70)
FN:1,(anonymous_71)
FN:1,(anonymous_72)
FN:1,(anonymous_73)
FN:1,(anonymous_74)
FN:1,(anonymous_75)
FN:1,(anonymous_76)
FN:1,(anonymous_77)
FN:1,(anonymous_78)
FN:1,(anonymous_79)
FN:1,(anonymous_80)
FN:1,(anonymous_81)
FN:1,(anonymous_82)
FN:1,(anonymous_83)
FN:1,(anonymous_84)
FN:1,(anonymous_85)
FN:1,(anonymous_86)
FN:1,(anonymous_87)
FN:1,(anonymous_88)
FN:1,(anonymous_89)
FN:1,(anonymous_90)
FN:1,(anonymous_91)
FN:1,(anonymous_92)
FN:1,(anonymous_93)
FN:1,(anonymous_94)
FN:1,(anonymous_95)
FN:1,(anonymous_96)
FN:1,(anonymous_97)
FN:1,(anonymous_98)
FN:1,(anonymous_99)
FN:1,fb
FN:1,gb
FN:1,b
FN:1,hb
FN:1,ib
FN:1,jb
FN:1,kb
FN:1,nb
FN:1,(anonymous_108)
FN:1,(anonymous_109)
FN:1,ob
FN:1,pb
FN:1,qb
FN:1,rb
FN:1,(anonymous_114)
FN:1,(anonymous_115)
FN:1,sb
FN:1,(anonymous_117)
FN:1,tb
FN:1,ub
FN:1,vb
FN:1,(anonymous_121)
FN:1,wb
FN:1,(anonymous_123)
FN:1,(anonymous_124)
FN:1,(anonymous_125)
FN:1,xb
FN:1,(anonymous_127)
FN:1,(anonymous_128)
FN:1,(anonymous_129)
FN:1,(anonymous_130)
FN:1,(anonymous_131)
FN:1,(anonymous_132)
FN:1,(anonymous_133)
FN:1,(anonymous_134)
FN:1,(anonymous_135)
FN:1,(anonymous_136)
FN:1,(anonymous_137)
FN:1,(anonymous_138)
FN:1,(anonymous_139)
FN:1,(anonymous_140)
FN:1,(anonymous_141)
FN:1,(anonymous_142)
FN:1,(anonymous_143)
FN:1,(anonymous_144)
FN:1,(anonymous_145)
FN:1,(anonymous_146)
FN:1,(anonymous_147)
FN:1,(anonymous_148)
FN:1,(anonymous_149)
FN:1,(anonymous_150)
FN:1,(anonymous_151)
FN:1,(anonymous_152)
FN:1,(anonymous_153)
FN:1,(anonymous_154)
FN:1,(anonymous_155)
FN:1,(anonymous_156)
FN:1,(anonymous_157)
FN:1,(anonymous_158)
FN:1,(anonymous_159)
FN:1,(anonymous_160)
FN:1,(anonymous_161)
FN:1,(anonymous_162)
FN:1,(anonymous_163)
FN:1,(anonymous_164)
FN:1,(anonymous_165)
FN:1,(anonymous_166)
FN:1,(anonymous_167)
FN:1,(anonymous_168)
FN:1,(anonymous_169)
FN:1,(anonymous_170)
FN:1,(anonymous_171)
FN:1,(anonymous_172)
FN:1,(anonymous_173)
FN:1,(anonymous_174)
FN:1,(anonymous_175)
FN:1,(anonymous_176)
FN:1,(anonymous_177)
FN:1,(anonymous_178)
FN:1,(anonymous_179)
FN:1,(anonymous_180)
FN:1,(anonymous_181)
FN:1,(anonymous_182)
FN:1,(anonymous_183)
FN:1,(anonymous_184)
FN:1,(anonymous_185)
FN:1,(anonymous_186)
FN:1,(anonymous_187)
FN:1,(anonymous_188)
FN:1,(anonymous_189)
FN:1,(anonymous_190)
FN:1,(anonymous_191)
FN:1,(anonymous_192)
FN:1,(anonymous_193)
FN:1,(anonymous_194)
FN:1,(anonymous_195)
FN:1,(anonymous_196)
FN:1,(anonymous_197)
FN:1,(anonymous_198)
FN:1,(anonymous_199)
FN:1,(anonymous_200)
FN:1,(anonymous_201)
FN:1,(anonymous_202)
FN:1,(anonymous_203)
FN:1,(anonymous_204)
FN:1,(anonymous_205)
FN:1,(anonymous_206)
FN:1,(anonymous_207)
FN:1,(anonymous_208)
FN:1,(anonymous_209)
FN:1,(anonymous_210)
FN:1,(anonymous_211)
FN:1,(anonymous_212)
FN:1,(anonymous_213)
FN:1,(anonymous_214)
FN:1,(anonymous_215)
FN:1,(anonymous_216)
FN:1,(anonymous_217)
FN:1,(anonymous_218)
FN:1,(anonymous_219)
FN:1,(anonymous_220)
FN:1,(anonymous_221)
FN:1,(anonymous_222)
FN:1,(anonymous_223)
FN:1,(anonymous_224)
FN:1,(anonymous_225)
FN:2,(anonymous_226)
FN:2,(anonymous_227)
FN:2,(anonymous_228)
FN:2,(anonymous_229)
FN:2,(anonymous_230)
FN:2,(anonymous_231)
FN:2,(anonymous_232)
FN:2,(anonymous_233)
FN:2,(anonymous_234)
FN:2,(anonymous_235)
FN:2,(anonymous_236)
FN:2,(anonymous_237)
FN:2,(anonymous_238)
FN:2,(anonymous_239)
FN:2,(anonymous_240)
FN:2,(anonymous_241)
FN:2,(anonymous_242)
FN:2,(anonymous_243)
FN:2,(anonymous_244)
FN:2,(anonymous_245)
FN:2,(anonymous_246)
FN:2,(anonymous_247)
FN:2,(anonymous_248)
FN:2,(anonymous_249)
FN:2,(anonymous_250)
FN:2,(anonymous_251)
FN:2,(anonymous_252)
FN:2,(anonymous_253)
FN:2,(anonymous_254)
FN:2,g
FN:2,(anonymous_256)
FN:2,(anonymous_257)
FN:2,(anonymous_258)
FN:2,(anonymous_259)
FN:2,(anonymous_260)
FN:2,(anonymous_261)
FN:2,(anonymous_262)
FN:2,(anonymous_263)
FN:2,(anonymous_264)
FN:2,(anonymous_265)
FN:2,(anonymous_266)
FN:2,(anonymous_267)
FN:2,(anonymous_268)
FN:2,(anonymous_269)
FN:2,(anonymous_270)
FN:2,(anonymous_271)
FN:2,(anonymous_272)
FN:2,(anonymous_273)
FN:2,(anonymous_274)
FN:2,(anonymous_275)
FN:2,(anonymous_276)
FN:2,(anonymous_277)
FN:2,(anonymous_278)
FN:2,(anonymous_279)
FN:2,(anonymous_280)
FN:2,(anonymous_281)
FN:2,(anonymous_282)
FN:2,(anonymous_283)
FN:2,(anonymous_284)
FN:2,(anonymous_285)
FN:2,(anonymous_286)
FN:2,(anonymous_287)
FN:2,(anonymous_288)
FN:2,(anonymous_289)
FN:2,(anonymous_290)
FN:2,(anonymous_291)
FN:2,(anonymous_292)
FN:2,(anonymous_293)
FN:2,(anonymous_294)
FN:2,(anonymous_295)
FN:2,(anonymous_296)
FN:2,(anonymous_297)
FN:2,(anonymous_298)
FN:2,(anonymous_299)
FN:2,(anonymous_300)
FN:2,(anonymous_301)
FN:2,(anonymous_302)
FN:2,(anonymous_303)
FN:2,(anonymous_304)
FN:2,(anonymous_305)
FN:2,(anonymous_306)
FN:2,(anonymous_307)
FN:2,(anonymous_308)
FN:2,(anonymous_309)
FN:2,(anonymous_310)
FN:2,(anonymous_311)
FN:2,(anonymous_312)
FN:2,(anonymous_313)
FN:2,(anonymous_314)
FN:2,(anonymous_315)
FN:2,(anonymous_316)
FN:2,(anonymous_317)
FN:2,(anonymous_318)
FN:2,(anonymous_319)
FN:2,(anonymous_320)
FN:2,(anonymous_321)
FN:2,(anonymous_322)
FN:2,(anonymous_323)
FN:2,(anonymous_324)
FN:2,(anonymous_325)
FN:2,(anonymous_326)
FN:2,(anonymous_327)
FN:2,(anonymous_328)
FN:2,(anonymous_329)
FN:2,(anonymous_330)
FN:2,(anonymous_331)
FN:2,(anonymous_332)
FN:2,(anonymous_333)
FN:2,(anonymous_334)
FN:2,(anonymous_335)
FN:2,(anonymous_336)
FN:2,(anonymous_337)
FN:2,(anonymous_338)
FN:2,(anonymous_339)
FN:2,(anonymous_340)
FN:2,(anonymous_341)
FN:2,(anonymous_342)
FN:2,(anonymous_343)
FN:2,(anonymous_344)
FN:2,(anonymous_345)
FN:2,(anonymous_346)
FN:2,(anonymous_347)
FN:2,(anonymous_348)
FN:2,(anonymous_349)
FN:2,(anonymous_350)
FN:2,(anonymous_351)
FN:2,(anonymous_352)
FN:2,(anonymous_353)
FN:2,(anonymous_354)
FN:2,(anonymous_355)
FN:2,(anonymous_356)
FN:2,(anonymous_357)
FN:2,(anonymous_358)
FN:2,(anonymous_359)
FN:2,(anonymous_360)
FN:2,(anonymous_361)
FN:2,(anonymous_362)
FN:2,(anonymous_363)
FN:2,(anonymous_364)
FN:2,(anonymous_365)
FN:2,(anonymous_366)
FN:2,(anonymous_367)
FN:2,(anonymous_368)
FN:2,(anonymous_369)
FN:2,(anonymous_370)
FN:2,(anonymous_371)
FN:2,(anonymous_372)
FN:2,(anonymous_373)
FN:2,(anonymous_374)
FN:2,(anonymous_375)
FN:2,(anonymous_376)
FN:2,(anonymous_377)
FN:2,(anonymous_378)
FN:2,(anonymous_379)
FN:2,(anonymous_380)
FN:2,(anonymous_381)
FN:2,(anonymous_382)
FN:2,(anonymous_383)
FN:2,(anonymous_384)
FN:2,g
FN:2,(anonymous_386)
FN:2,(anonymous_387)
FN:2,(anonymous_388)
FN:2,(anonymous_389)
FN:2,(anonymous_390)
FN:2,(anonymous_391)
FN:2,(anonymous_392)
FN:2,(anonymous_393)
FN:2,(anonymous_394)
FN:2,(anonymous_395)
FN:2,(anonymous_396)
FN:2,(anonymous_397)
FN:2,(anonymous_398)
FN:2,(anonymous_399)
FN:2,(anonymous_400)
FN:2,(anonymous_401)
FN:2,(anonymous_402)
FN:2,(anonymous_403)
FN:2,(anonymous_404)
FN:2,(anonymous_405)
FN:2,(anonymous_406)
FN:2,(anonymous_407)
FN:2,(anonymous_408)
FN:2,(anonymous_409)
FN:2,(anonymous_410)
FN:2,(anonymous_411)
FN:2,(anonymous_412)
FN:2,(anonymous_413)
FN:2,(anonymous_414)
FN:2,(anonymous_415)
FN:2,(anonymous_416)
FN:2,(anonymous_417)
FN:2,(anonymous_418)
FN:2,(anonymous_419)
FN:2,(anonymous_420)
FN:2,(anonymous_421)
FN:2,(anonymous_422)
FN:2,(anonymous_423)
FN:2,(anonymous_424)
FN:2,(anonymous_425)
FN:2,(anonymous_426)
FN:2,(anonymous_427)
FN:2,(anonymous_428)
FN:3,(anonymous_429)
FN:3,(anonymous_430)
FN:3,(anonymous_431)
FN:3,(anonymous_432)
FN:3,(anonymous_433)
FN:3,(anonymous_434)
FN:3,(anonymous_435)
FN:3,(anonymous_436)
FN:3,(anonymous_437)
FN:3,(anonymous_438)
FN:3,(anonymous_439)
FN:3,(anonymous_440)
FN:3,(anonymous_441)
FN:3,(anonymous_442)
FN:3,(anonymous_443)
FN:3,(anonymous_444)
FN:3,(anonymous_445)
FN:3,(anonymous_446)
FN:3,(anonymous_447)
FN:3,(anonymous_448)
FN:3,(anonymous_449)
FN:3,(anonymous_450)
FN:3,(anonymous_451)
FN:3,(anonymous_452)
FN:3,(anonymous_453)
FN:3,(anonymous_454)
FN:3,(anonymous_455)
FN:3,(anonymous_456)
FN:3,(anonymous_457)
FN:3,(anonymous_458)
FN:3,(anonymous_459)
FN:3,(anonymous_460)
FN:3,(anonymous_461)
FN:3,(anonymous_462)
FN:3,(anonymous_463)
FN:3,(anonymous_464)
FN:3,(anonymous_465)
FN:3,(anonymous_466)
FN:3,(anonymous_467)
FN:3,(anonymous_468)
FN:3,(anonymous_469)
FN:3,(anonymous_470)
FN:3,(anonymous_471)
FN:3,(anonymous_472)
FN:3,(anonymous_473)
FN:3,(anonymous_474)
FN:3,(anonymous_475)
FN:3,(anonymous_476)
FN:3,(anonymous_477)
FN:3,(anonymous_478)
FN:3,(anonymous_479)
FN:3,(anonymous_480)
FN:3,(anonymous_481)
FN:3,(anonymous_482)
FN:3,x
FN:3,(anonymous_484)
FN:3,(anonymous_485)
FN:3,(anonymous_486)
FN:3,(anonymous_487)
FN:3,(anonymous_488)
FN:3,(anonymous_489)
FN:3,(anonymous_490)
FN:3,(anonymous_491)
FN:3,(anonymous_492)
FN:3,(anonymous_493)
FN:3,(anonymous_494)
FN:3,(anonymous_495)
FN:3,(anonymous_496)
FN:3,(anonymous_497)
FN:3,(anonymous_498)
FN:3,(anonymous_499)
FN:3,(anonymous_500)
FN:3,(anonymous_501)
FN:3,(anonymous_502)
FN:3,(anonymous_503)
FN:3,(anonymous_504)
FN:3,(anonymous_505)
FN:3,(anonymous_506)
FN:3,(anonymous_507)
FN:3,(anonymous_508)
FN:3,(anonymous_509)
FN:3,(anonymous_510)
FN:3,(anonymous_511)
FN:3,(anonymous_512)
FN:3,(anonymous_513)
FN:3,(anonymous_514)
FN:3,(anonymous_515)
FN:3,(anonymous_516)
FN:3,(anonymous_517)
FN:3,(anonymous_518)
FN:3,(anonymous_519)
FN:3,(anonymous_520)
FN:3,(anonymous_521)
FN:3,(anonymous_522)
FN:3,(anonymous_523)
FN:3,(anonymous_524)
FN:3,(anonymous_525)
FN:3,(anonymous_526)
FN:3,(anonymous_527)
FN:3,(anonymous_528)
FN:3,(anonymous_529)
FN:3,(anonymous_530)
FN:3,(anonymous_531)
FN:3,(anonymous_532)
FN:3,(anonymous_533)
FN:3,(anonymous_534)
FN:3,(anonymous_535)
FN:3,(anonymous_536)
FN:3,(anonymous_537)
FN:3,(anonymous_538)
FN:3,(anonymous_539)
FN:3,(anonymous_540)
FN:3,(anonymous_541)
FN:3,(anonymous_542)
FN:3,(anonymous_543)
FN:3,(anonymous_544)
FN:3,(anonymous_545)
FN:3,(anonymous_546)
FN:3,(anonymous_547)
FN:3,(anonymous_548)
FN:3,(anonymous_549)
FN:3,(anonymous_550)
FN:3,(anonymous_551)
FN:3,(anonymous_552)
FN:3,(anonymous_553)
FN:3,(anonymous_554)
FN:3,(anonymous_555)
FN:3,(anonymous_556)
FN:3,(anonymous_557)
FN:3,(anonymous_558)
FN:3,(anonymous_559)
FN:3,(anonymous_560)
FN:3,(anonymous_561)
FN:3,(anonymous_562)
FN:3,(anonymous_563)
FN:3,(anonymous_564)
FN:3,(anonymous_565)
FN:3,(anonymous_566)
FN:3,(anonymous_567)
FN:3,(anonymous_568)
FN:3,(anonymous_569)
FN:3,(anonymous_570)
FN:3,(anonymous_571)
FN:3,(anonymous_572)
FN:3,(anonymous_573)
FN:3,(anonymous_574)
FN:3,(anonymous_575)
FN:3,(anonymous_576)
FN:3,(anonymous_577)
FN:3,(anonymous_578)
FN:3,(anonymous_579)
FN:3,(anonymous_580)
FN:3,(anonymous_581)
FN:3,(anonymous_582)
FN:3,(anonymous_583)
FN:3,(anonymous_584)
FN:3,(anonymous_585)
FN:3,(anonymous_586)
FN:3,(anonymous_587)
FN:3,(anonymous_588)
FN:3,(anonymous_589)
FN:3,(anonymous_590)
FN:3,(anonymous_591)
FN:3,(anonymous_592)
FN:3,(anonymous_593)
FN:3,(anonymous_594)
FN:3,(anonymous_595)
FN:3,(anonymous_596)
FN:3,(anonymous_597)
FN:3,(anonymous_598)
FN:3,(anonymous_599)
FN:3,(anonymous_600)
FN:3,(anonymous_601)
FN:3,(anonymous_602)
FN:3,(anonymous_603)
FN:3,(anonymous_604)
FN:3,(anonymous_605)
FN:3,(anonymous_606)
FN:3,(anonymous_607)
FN:3,(anonymous_608)
FN:3,(anonymous_609)
FN:3,(anonymous_610)
FN:3,(anonymous_611)
FN:3,(anonymous_612)
FN:3,(anonymous_613)
FN:3,(anonymous_614)
FN:3,(anonymous_615)
FN:3,(anonymous_616)
FN:3,(anonymous_617)
FN:3,(anonymous_618)
FN:3,(anonymous_619)
FN:3,(anonymous_620)
FN:3,(anonymous_621)
FN:3,(anonymous_622)
FN:3,(anonymous_623)
FN:3,(anonymous_624)
FN:3,(anonymous_625)
FN:3,(anonymous_626)
FN:3,(anonymous_627)
FN:3,(anonymous_628)
FN:3,(anonymous_629)
FN:3,(anonymous_630)
FN:3,(anonymous_631)
FN:3,(anonymous_632)
FN:3,(anonymous_633)
FN:3,(anonymous_634)
FN:3,(anonymous_635)
FN:3,(anonymous_636)
FN:3,(anonymous_637)
FN:3,(anonymous_638)
FN:3,(anonymous_639)
FN:3,(anonymous_640)
FN:3,(anonymous_641)
FN:3,(anonymous_642)
FN:3,(anonymous_643)
FN:3,(anonymous_644)
FN:3,(anonymous_645)
FN:3,(anonymous_646)
FN:3,(anonymous_647)
FN:3,(anonymous_648)
FN:3,(anonymous_649)
FN:3,(anonymous_650)
FN:3,(anonymous_651)
FN:3,(anonymous_652)
FN:3,(anonymous_653)
FN:3,(anonymous_654)
FN:3,(anonymous_655)
FN:3,(anonymous_656)
FN:3,(anonymous_657)
FN:3,(anonymous_658)
FN:3,(anonymous_659)
FN:3,(anonymous_660)
FN:3,(anonymous_661)
FN:3,(anonymous_662)
FN:3,(anonymous_663)
FN:3,(anonymous_664)
FN:3,(anonymous_665)
FN:3,(anonymous_666)
FN:3,(anonymous_667)
FN:3,(anonymous_668)
FN:3,(anonymous_669)
FN:3,(anonymous_670)
FN:3,(anonymous_671)
FN:3,(anonymous_672)
FN:3,(anonymous_673)
FN:3,(anonymous_674)
FN:3,(anonymous_675)
FN:3,(anonymous_676)
FN:3,(anonymous_677)
FN:3,(anonymous_678)
FN:3,(anonymous_679)
FN:3,(anonymous_680)
FN:3,(anonymous_681)
FN:3,(anonymous_682)
FN:3,(anonymous_683)
FN:3,(anonymous_684)
FN:3,(anonymous_685)
FN:3,(anonymous_686)
FN:3,(anonymous_687)
FN:3,(anonymous_688)
FN:3,(anonymous_689)
FN:3,(anonymous_690)
FN:3,(anonymous_691)
FN:3,(anonymous_692)
FN:3,(anonymous_693)
FN:3,(anonymous_694)
FN:3,(anonymous_695)
FN:3,(anonymous_696)
FN:4,(anonymous_697)
FN:4,(anonymous_698)
FN:4,(anonymous_699)
FN:4,(anonymous_700)
FN:4,(anonymous_701)
FN:4,(anonymous_702)
FN:4,(anonymous_703)
FN:4,(anonymous_704)
FN:4,(anonymous_705)
FN:4,(anonymous_706)
FN:4,(anonymous_707)
FN:4,(anonymous_708)
FN:4,(anonymous_709)
FN:4,(anonymous_710)
FN:4,(anonymous_711)
FN:4,(anonymous_712)
FN:4,(anonymous_713)
FN:4,(anonymous_714)
FN:4,(anonymous_715)
FN:4,(anonymous_716)
FN:4,(anonymous_717)
FN:4,(anonymous_718)
FN:4,(anonymous_719)
FN:4,(anonymous_720)
FN:4,(anonymous_721)
FN:4,(anonymous_722)
FN:4,(anonymous_723)
FN:4,(anonymous_724)
FN:4,(anonymous_725)
FN:4,(anonymous_726)
FN:4,(anonymous_727)
FN:4,(anonymous_728)
FN:4,(anonymous_729)
FN:4,(anonymous_730)
FN:4,(anonymous_731)
FN:4,(anonymous_732)
FN:4,(anonymous_733)
FN:4,(anonymous_734)
FN:4,(anonymous_735)
FN:4,(anonymous_736)
FN:4,(anonymous_737)
FN:4,(anonymous_738)
FN:4,(anonymous_739)
FN:4,(anonymous_740)
FN:4,(anonymous_741)
FN:4,(anonymous_742)
FN:4,(anonymous_743)
FN:4,(anonymous_744)
FN:4,(anonymous_745)
FN:4,(anonymous_746)
FN:4,(anonymous_747)
FN:4,(anonymous_748)
FN:4,(anonymous_749)
FN:4,(anonymous_750)
FN:4,(anonymous_751)
FN:4,(anonymous_752)
FN:4,(anonymous_753)
FN:4,(anonymous_754)
FN:4,(anonymous_755)
FN:4,(anonymous_756)
FN:4,(anonymous_757)
FN:4,(anonymous_758)
FN:4,(anonymous_759)
FN:4,(anonymous_760)
FN:4,(anonymous_761)
FN:4,(anonymous_762)
FN:4,(anonymous_763)
FN:4,(anonymous_764)
FN:4,(anonymous_765)
FN:4,(anonymous_766)
FN:4,(anonymous_767)
FN:4,(anonymous_768)
FN:4,(anonymous_769)
FN:4,(anonymous_770)
FN:4,(anonymous_771)
FN:4,(anonymous_772)
FN:4,(anonymous_773)
FN:4,(anonymous_774)
FN:4,(anonymous_775)
FN:4,(anonymous_776)
FN:4,(anonymous_777)
FN:4,(anonymous_778)
FN:4,(anonymous_779)
FN:4,(anonymous_780)
FN:4,(anonymous_781)
FN:4,(anonymous_782)
FN:4,(anonymous_783)
FN:4,(anonymous_784)
FN:4,(anonymous_785)
FN:4,(anonymous_786)
FN:4,(anonymous_787)
FN:4,(anonymous_788)
FN:4,(anonymous_789)
FN:4,(anonymous_790)
FN:4,(anonymous_791)
FN:4,(anonymous_792)
FN:4,(anonymous_793)
FN:4,(anonymous_794)
FN:4,(anonymous_795)
FN:4,(anonymous_796)
FN:4,(anonymous_797)
FN:4,(anonymous_798)
FN:4,(anonymous_799)
FN:4,(anonymous_800)
FN:4,(anonymous_801)
FN:4,(anonymous_802)
FN:4,(anonymous_803)
FN:4,(anonymous_804)
FN:4,(anonymous_805)
FN:4,(anonymous_806)
FN:4,(anonymous_807)
FN:4,(anonymous_808)
FN:4,(anonymous_809)
FN:4,(anonymous_810)
FN:4,(anonymous_811)
FN:4,(anonymous_812)
FN:4,(anonymous_813)
FN:4,(anonymous_814)
FN:4,(anonymous_815)
FN:4,(anonymous_816)
FN:4,(anonymous_817)
FN:4,(anonymous_818)
FN:4,(anonymous_819)
FN:4,(anonymous_820)
FN:4,(anonymous_821)
FN:4,(anonymous_822)
FN:4,(anonymous_823)
FN:4,(anonymous_824)
FN:4,(anonymous_825)
FN:4,(anonymous_826)
FN:4,(anonymous_827)
FN:4,(anonymous_828)
FN:4,(anonymous_829)
FN:4,(anonymous_830)
FN:4,(anonymous_831)
FN:4,(anonymous_832)
FN:4,(anonymous_833)
FN:4,(anonymous_834)
FN:4,(anonymous_835)
FN:4,(anonymous_836)
FN:4,(anonymous_837)
FN:4,(anonymous_838)
FN:4,(anonymous_839)
FN:4,(anonymous_840)
FN:4,(anonymous_841)
FN:4,(anonymous_842)
FN:4,(anonymous_843)
FN:4,(anonymous_844)
FN:4,(anonymous_845)
FN:4,(anonymous_846)
FN:4,(anonymous_847)
FN:4,(anonymous_848)
FN:4,(anonymous_849)
FN:4,(anonymous_850)
FN:4,(anonymous_851)
FN:4,(anonymous_852)
FN:4,(anonymous_853)
FN:4,(anonymous_854)
FN:4,(anonymous_855)
FN:4,(anonymous_856)
FN:4,(anonymous_857)
FN:4,(anonymous_858)
FN:4,(anonymous_859)
FN:4,(anonymous_860)
FN:4,(anonymous_861)
FN:4,(anonymous_862)
FN:4,(anonymous_863)
FN:4,(anonymous_864)
FN:4,(anonymous_865)
FN:4,(anonymous_866)
FN:4,(anonymous_867)
FN:4,(anonymous_868)
FN:4,(anonymous_869)
FN:4,(anonymous_870)
FN:4,(anonymous_871)
FN:4,(anonymous_872)
FN:4,(anonymous_873)
FN:4,(anonymous_874)
FN:4,(anonymous_875)
FN:4,(anonymous_876)
FN:4,(anonymous_877)
FN:4,(anonymous_878)
FN:4,(anonymous_879)
FN:4,(anonymous_880)
FN:4,(anonymous_881)
FN:4,(anonymous_882)
FN:4,(anonymous_883)
FN:4,(anonymous_884)
FN:4,(anonymous_885)
FN:4,(anonymous_886)
FN:4,(anonymous_887)
FN:4,(anonymous_888)
FN:4,(anonymous_889)
FN:4,(anonymous_890)
FN:4,(anonymous_891)
FN:4,(anonymous_892)
FN:4,(anonymous_893)
FN:4,(anonymous_894)
FN:4,(anonymous_895)
FN:4,(anonymous_896)
FN:4,(anonymous_897)
FN:4,(anonymous_898)
FN:4,(anonymous_899)
FN:4,(anonymous_900)
FN:4,(anonymous_901)
FN:4,(anonymous_902)
FN:4,(anonymous_903)
FN:4,(anonymous_904)
FN:4,(anonymous_905)
FN:4,(anonymous_906)
FN:4,(anonymous_907)
FN:4,(anonymous_908)
FN:4,(anonymous_909)
FN:4,(anonymous_910)
FN:4,(anonymous_911)
FN:4,(anonymous_912)
FN:4,(anonymous_913)
FN:4,(anonymous_914)
FN:4,(anonymous_915)
FN:4,(anonymous_916)
FN:4,(anonymous_917)
FN:4,(anonymous_918)
FN:4,(anonymous_919)
FN:4,(anonymous_920)
FN:4,(anonymous_921)
FN:4,(anonymous_922)
FN:4,(anonymous_923)
FN:5,(anonymous_924)
FN:5,(anonymous_925)
FN:5,(anonymous_926)
FN:5,(anonymous_927)
FN:5,(anonymous_928)
FN:5,(anonymous_929)
FN:5,(anonymous_930)
FN:5,(anonymous_931)
FN:5,(anonymous_932)
FN:5,(anonymous_933)
FN:5,(anonymous_934)
FN:5,(anonymous_935)
FN:5,(anonymous_936)
FN:5,(anonymous_937)
FN:5,(anonymous_938)
FN:5,(anonymous_939)
FN:5,(anonymous_940)
FN:5,(anonymous_941)
FN:5,(anonymous_942)
FN:5,__
FN:5,(anonymous_944)
FN:5,registerService
FN:5,(anonymous_946)
FN:5,registerComponent
FN:5,(anonymous_948)
FN:5,(anonymous_949)
FN:5,(anonymous_950)
FN:5,(anonymous_951)
FN:5,Application
FN:5,(anonymous_953)
FN:5,(anonymous_954)
FN:5,(anonymous_955)
FN:5,(anonymous_956)
FN:5,(anonymous_957)
FN:5,(anonymous_958)
FN:5,(anonymous_959)
FN:5,FilterItem
FN:5,(anonymous_961)
FN:5,(anonymous_962)
FN:5,(anonymous_963)
FN:5,(anonymous_964)
FN:5,(anonymous_965)
FN:5,(anonymous_966)
FN:5,FilterItemCheckbox
FN:5,(anonymous_968)
FN:5,(anonymous_969)
FN:5,(anonymous_970)
FN:5,(anonymous_971)
FN:5,(anonymous_972)
FN:5,(anonymous_973)
FN:5,FilterItemSelect
FN:5,(anonymous_975)
FN:5,(anonymous_976)
FN:5,(anonymous_977)
FN:5,(anonymous_978)
FN:5,(anonymous_979)
FN:5,(anonymous_980)
FN:5,(anonymous_981)
FN:5,Filter
FN:5,(anonymous_983)
FN:5,(anonymous_984)
FN:5,(anonymous_985)
FN:5,MenuHighlight
FN:5,(anonymous_987)
FN:5,(anonymous_988)
FN:5,(anonymous_989)
FN:5,(anonymous_990)
FN:5,(anonymous_991)
FN:5,(anonymous_992)
FN:5,(anonymous_993)
FN:5,(anonymous_994)
FN:5,MenuSticky
FN:5,(anonymous_996)
FN:5,(anonymous_997)
FN:5,(anonymous_998)
FN:5,(anonymous_999)
FN:5,(anonymous_1000)
FN:5,createIndex
FN:5,batch
FN:5,loadIndex
FN:5,(anonymous_1004)
FN:5,(anonymous_1005)
FN:5,(anonymous_1006)
FN:5,updateResults
FN:5,setLoadingState
FN:5,setHasFocus
FN:5,setQuery
FN:5,setCurrentResult
FN:5,gotoCurrentResult
FN:5,(anonymous_1013)
FN:5,(anonymous_1014)
FN:5,(anonymous_1015)
FN:5,(anonymous_1016)
FN:5,(anonymous_1017)
FN:5,(anonymous_1018)
FN:5,(anonymous_1019)
FN:5,(anonymous_1020)
FN:5,(anonymous_1021)
FN:5,(anonymous_1022)
FN:5,SignatureGroup
FN:5,(anonymous_1024)
FN:5,(anonymous_1025)
FN:5,(anonymous_1026)
FN:5,Signature
FN:5,(anonymous_1028)
FN:5,(anonymous_1029)
FN:5,(anonymous_1030)
FN:5,(anonymous_1031)
FN:5,(anonymous_1032)
FN:5,(anonymous_1033)
FN:5,(anonymous_1034)
FN:5,(anonymous_1035)
FN:5,(anonymous_1036)
FN:5,(anonymous_1037)
FN:5,(anonymous_1038)
FN:5,Toggle
FN:5,(anonymous_1040)
FN:5,(anonymous_1041)
FN:5,(anonymous_1042)
FN:5,(anonymous_1043)
FN:5,(anonymous_1044)
FN:5,(anonymous_1045)
FN:5,(anonymous_1046)
FN:5,(anonymous_1047)
FN:5,(anonymous_1048)
FN:5,(anonymous_1049)
FN:5,(anonymous_1050)
FN:5,(anonymous_1051)
FN:5,Viewport
FN:5,(anonymous_1053)
FN:5,(anonymous_1054)
FN:5,(anonymous_1055)
FN:5,(anonymous_1056)
FN:5,(anonymous_1057)
FN:5,(anonymous_1058)
FN:5,(anonymous_1059)
FN:5,(anonymous_1060)
FN:5,(anonymous_1061)
FN:5,(anonymous_1062)
FN:5,(anonymous_1063)
FN:5,noTransition
FN:5,animateHeight
FN:5,(anonymous_1066)
FN:5,(anonymous_1067)
FN:5,(anonymous_1068)
FN:5,(anonymous_1069)
FN:5,(anonymous_1070)
FNF:1071
FNH:0
FNDA:0,(anonymous_0)
FNDA:0,(anonymous_1)
FNDA:0,(anonymous_2)
FNDA:0,s
FNDA:0,x
FNDA:0,(anonymous_5)
FNDA:0,(anonymous_6)
FNDA:0,(anonymous_7)
FNDA:0,D
FNDA:0,G
FNDA:0,(anonymous_10)
FNDA:0,I
FNDA:0,K
FNDA:0,(anonymous_13)
FNDA:0,P
FNDA:0,Z
FNDA:0,$
FNDA:0,_
FNDA:0,jb
FNDA:0,kb
FNDA:0,lb
FNDA:0,mb
FNDA:0,nb
FNDA:0,ob
FNDA:0,pb
FNDA:0,sb
FNDA:0,tb
FNDA:0,xb
FNDA:0,yb
FNDA:0,(anonymous_29)
FNDA:0,Fb
FNDA:0,Gb
FNDA:0,Hb
FNDA:0,Ib
FNDA:0,Jb
FNDA:0,Kb
FNDA:0,Sb
FNDA:0,(anonymous_37)
FNDA:0,Tb
FNDA:0,Ub
FNDA:0,Vb
FNDA:0,(anonymous_41)
FNDA:0,(anonymous_42)
FNDA:0,(anonymous_43)
FNDA:0,(anonymous_44)
FNDA:0,(anonymous_45)
FNDA:0,(anonymous_46)
FNDA:0,Wb
FNDA:0,Xb
FNDA:0,(anonymous_49)
FNDA:0,(anonymous_50)
FNDA:0,(anonymous_51)
FNDA:0,(anonymous_52)
FNDA:0,rc
FNDA:0,(anonymous_54)
FNDA:0,sc
FNDA:0,g
FNDA:0,(anonymous_57)
FNDA:0,tc
FNDA:0,uc
FNDA:0,vc
FNDA:0,Bc
FNDA:0,(anonymous_62)
FNDA:0,Kc
FNDA:0,(anonymous_64)
FNDA:0,(anonymous_65)
FNDA:0,(anonymous_66)
FNDA:0,(anonymous_67)
FNDA:0,(anonymous_68)
FNDA:0,(anonymous_69)
FNDA:0,(anonymous_70)
FNDA:0,(anonymous_71)
FNDA:0,(anonymous_72)
FNDA:0,(anonymous_73)
FNDA:0,(anonymous_74)
FNDA:0,(anonymous_75)
FNDA:0,(anonymous_76)
FNDA:0,(anonymous_77)
FNDA:0,(anonymous_78)
FNDA:0,(anonymous_79)
FNDA:0,(anonymous_80)
FNDA:0,(anonymous_81)
FNDA:0,(anonymous_82)
FNDA:0,(anonymous_83)
FNDA:0,(anonymous_84)
FNDA:0,(anonymous_85)
FNDA:0,(anonymous_86)
FNDA:0,(anonymous_87)
FNDA:0,(anonymous_88)
FNDA:0,(anonymous_89)
FNDA:0,(anonymous_90)
FNDA:0,(anonymous_91)
FNDA:0,(anonymous_92)
FNDA:0,(anonymous_93)
FNDA:0,(anonymous_94)
FNDA:0,(anonymous_95)
FNDA:0,(anonymous_96)
FNDA:0,(anonymous_97)
FNDA:0,(anonymous_98)
FNDA:0,(anonymous_99)
FNDA:0,fb
FNDA:0,gb
FNDA:0,b
FNDA:0,hb
FNDA:0,ib
FNDA:0,jb
FNDA:0,kb
FNDA:0,nb
FNDA:0,(anonymous_108)
FNDA:0,(anonymous_109)
FNDA:0,ob
FNDA:0,pb
FNDA:0,qb
FNDA:0,rb
FNDA:0,(anonymous_114)
FNDA:0,(anonymous_115)
FNDA:0,sb
FNDA:0,(anonymous_117)
FNDA:0,tb
FNDA:0,ub
FNDA:0,vb
FNDA:0,(anonymous_121)
FNDA:0,wb
FNDA:0,(anonymous_123)
FNDA:0,(anonymous_124)
FNDA:0,(anonymous_125)
FNDA:0,xb
FNDA:0,(anonymous_127)
FNDA:0,(anonymous_128)
FNDA:0,(anonymous_129)
FNDA:0,(anonymous_130)
FNDA:0,(anonymous_131)
FNDA:0,(anonymous_132)
FNDA:0,(anonymous_133)
FNDA:0,(anonymous_134)
FNDA:0,(anonymous_135)
FNDA:0,(anonymous_136)
FNDA:0,(anonymous_137)
FNDA:0,(anonymous_138)
FNDA:0,(anonymous_139)
FNDA:0,(anonymous_140)
FNDA:0,(anonymous_141)
FNDA:0,(anonymous_142)
FNDA:0,(anonymous_143)
FNDA:0,(anonymous_144)
FNDA:0,(anonymous_145)
FNDA:0,(anonymous_146)
FNDA:0,(anonymous_147)
FNDA:0,(anonymous_148)
FNDA:0,(anonymous_149)
FNDA:0,(anonymous_150)
FNDA:0,(anonymous_151)
FNDA:0,(anonymous_152)
FNDA:0,(anonymous_153)
FNDA:0,(anonymous_154)
FNDA:0,(anonymous_155)
FNDA:0,(anonymous_156)
FNDA:0,(anonymous_157)
FNDA:0,(anonymous_158)
FNDA:0,(anonymous_159)
FNDA:0,(anonymous_160)
FNDA:0,(anonymous_161)
FNDA:0,(anonymous_162)
FNDA:0,(anonymous_163)
FNDA:0,(anonymous_164)
FNDA:0,(anonymous_165)
FNDA:0,(anonymous_166)
FNDA:0,(anonymous_167)
FNDA:0,(anonymous_168)
FNDA:0,(anonymous_169)
FNDA:0,(anonymous_170)
FNDA:0,(anonymous_171)
FNDA:0,(anonymous_172)
FNDA:0,(anonymous_173)
FNDA:0,(anonymous_174)
FNDA:0,(anonymous_175)
FNDA:0,(anonymous_176)
FNDA:0,(anonymous_177)
FNDA:0,(anonymous_178)
FNDA:0,(anonymous_179)
FNDA:0,(anonymous_180)
FNDA:0,(anonymous_181)
FNDA:0,(anonymous_182)
FNDA:0,(anonymous_183)
FNDA:0,(anonymous_184)
FNDA:0,(anonymous_185)
FNDA:0,(anonymous_186)
FNDA:0,(anonymous_187)
FNDA:0,(anonymous_188)
FNDA:0,(anonymous_189)
FNDA:0,(anonymous_190)
FNDA:0,(anonymous_191)
FNDA:0,(anonymous_192)
FNDA:0,(anonymous_193)
FNDA:0,(anonymous_194)
FNDA:0,(anonymous_195)
FNDA:0,(anonymous_196)
FNDA:0,(anonymous_197)
FNDA:0,(anonymous_198)
FNDA:0,(anonymous_199)
FNDA:0,(anonymous_200)
FNDA:0,(anonymous_201)
FNDA:0,(anonymous_202)
FNDA:0,(anonymous_203)
FNDA:0,(anonymous_204)
FNDA:0,(anonymous_205)
FNDA:0,(anonymous_206)
FNDA:0,(anonymous_207)
FNDA:0,(anonymous_208)
FNDA:0,(anonymous_209)
FNDA:0,(anonymous_210)
FNDA:0,(anonymous_211)
FNDA:0,(anonymous_212)
FNDA:0,(anonymous_213)
FNDA:0,(anonymous_214)
FNDA:0,(anonymous_215)
FNDA:0,(anonymous_216)
FNDA:0,(anonymous_217)
FNDA:0,(anonymous_218)
FNDA:0,(anonymous_219)
FNDA:0,(anonymous_220)
FNDA:0,(anonymous_221)
FNDA:0,(anonymous_222)
FNDA:0,(anonymous_223)
FNDA:0,(anonymous_224)
FNDA:0,(anonymous_225)
FNDA:0,(anonymous_226)
FNDA:0,(anonymous_227)
FNDA:0,(anonymous_228)
FNDA:0,(anonymous_229)
FNDA:0,(anonymous_230)
FNDA:0,(anonymous_231)
FNDA:0,(anonymous_232)
FNDA:0,(anonymous_233)
FNDA:0,(anonymous_234)
FNDA:0,(anonymous_235)
FNDA:0,(anonymous_236)
FNDA:0,(anonymous_237)
FNDA:0,(anonymous_238)
FNDA:0,(anonymous_239)
FNDA:0,(anonymous_240)
FNDA:0,(anonymous_241)
FNDA:0,(anonymous_242)
FNDA:0,(anonymous_243)
FNDA:0,(anonymous_244)
FNDA:0,(anonymous_245)
FNDA:0,(anonymous_246)
FNDA:0,(anonymous_247)
FNDA:0,(anonymous_248)
FNDA:0,(anonymous_249)
FNDA:0,(anonymous_250)
FNDA:0,(anonymous_251)
FNDA:0,(anonymous_252)
FNDA:0,(anonymous_253)
FNDA:0,(anonymous_254)
FNDA:0,g
FNDA:0,(anonymous_256)
FNDA:0,(anonymous_257)
FNDA:0,(anonymous_258)
FNDA:0,(anonymous_259)
FNDA:0,(anonymous_260)
FNDA:0,(anonymous_261)
FNDA:0,(anonymous_262)
FNDA:0,(anonymous_263)
FNDA:0,(anonymous_264)
FNDA:0,(anonymous_265)
FNDA:0,(anonymous_266)
FNDA:0,(anonymous_267)
FNDA:0,(anonymous_268)
FNDA:0,(anonymous_269)
FNDA:0,(anonymous_270)
FNDA:0,(anonymous_271)
FNDA:0,(anonymous_272)
FNDA:0,(anonymous_273)
FNDA:0,(anonymous_274)
FNDA:0,(anonymous_275)
FNDA:0,(anonymous_276)
FNDA:0,(anonymous_277)
FNDA:0,(anonymous_278)
FNDA:0,(anonymous_279)
FNDA:0,(anonymous_280)
FNDA:0,(anonymous_281)
FNDA:0,(anonymous_282)
FNDA:0,(anonymous_283)
FNDA:0,(anonymous_284)
FNDA:0,(anonymous_285)
FNDA:0,(anonymous_286)
FNDA:0,(anonymous_287)
FNDA:0,(anonymous_288)
FNDA:0,(anonymous_289)
FNDA:0,(anonymous_290)
FNDA:0,(anonymous_291)
FNDA:0,(anonymous_292)
FNDA:0,(anonymous_293)
FNDA:0,(anonymous_294)
FNDA:0,(anonymous_295)
FNDA:0,(anonymous_296)
FNDA:0,(anonymous_297)
FNDA:0,(anonymous_298)
FNDA:0,(anonymous_299)
FNDA:0,(anonymous_300)
FNDA:0,(anonymous_301)
FNDA:0,(anonymous_302)
FNDA:0,(anonymous_303)
FNDA:0,(anonymous_304)
FNDA:0,(anonymous_305)
FNDA:0,(anonymous_306)
FNDA:0,(anonymous_307)
FNDA:0,(anonymous_308)
FNDA:0,(anonymous_309)
FNDA:0,(anonymous_310)
FNDA:0,(anonymous_311)
FNDA:0,(anonymous_312)
FNDA:0,(anonymous_313)
FNDA:0,(anonymous_314)
FNDA:0,(anonymous_315)
FNDA:0,(anonymous_316)
FNDA:0,(anonymous_317)
FNDA:0,(anonymous_318)
FNDA:0,(anonymous_319)
FNDA:0,(anonymous_320)
FNDA:0,(anonymous_321)
FNDA:0,(anonymous_322)
FNDA:0,(anonymous_323)
FNDA:0,(anonymous_324)
FNDA:0,(anonymous_325)
FNDA:0,(anonymous_326)
FNDA:0,(anonymous_327)
FNDA:0,(anonymous_328)
FNDA:0,(anonymous_329)
FNDA:0,(anonymous_330)
FNDA:0,(anonymous_331)
FNDA:0,(anonymous_332)
FNDA:0,(anonymous_333)
FNDA:0,(anonymous_334)
FNDA:0,(anonymous_335)
FNDA:0,(anonymous_336)
FNDA:0,(anonymous_337)
FNDA:0,(anonymous_338)
FNDA:0,(anonymous_339)
FNDA:0,(anonymous_340)
FNDA:0,(anonymous_341)
FNDA:0,(anonymous_342)
FNDA:0,(anonymous_343)
FNDA:0,(anonymous_344)
FNDA:0,(anonymous_345)
FNDA:0,(anonymous_346)
FNDA:0,(anonymous_347)
FNDA:0,(anonymous_348)
FNDA:0,(anonymous_349)
FNDA:0,(anonymous_350)
FNDA:0,(anonymous_351)
FNDA:0,(anonymous_352)
FNDA:0,(anonymous_353)
FNDA:0,(anonymous_354)
FNDA:0,(anonymous_355)
FNDA:0,(anonymous_356)
FNDA:0,(anonymous_357)
FNDA:0,(anonymous_358)
FNDA:0,(anonymous_359)
FNDA:0,(anonymous_360)
FNDA:0,(anonymous_361)
FNDA:0,(anonymous_362)
FNDA:0,(anonymous_363)
FNDA:0,(anonymous_364)
FNDA:0,(anonymous_365)
FNDA:0,(anonymous_366)
FNDA:0,(anonymous_367)
FNDA:0,(anonymous_368)
FNDA:0,(anonymous_369)
FNDA:0,(anonymous_370)
FNDA:0,(anonymous_371)
FNDA:0,(anonymous_372)
FNDA:0,(anonymous_373)
FNDA:0,(anonymous_374)
FNDA:0,(anonymous_375)
FNDA:0,(anonymous_376)
FNDA:0,(anonymous_377)
FNDA:0,(anonymous_378)
FNDA:0,(anonymous_379)
FNDA:0,(anonymous_380)
FNDA:0,(anonymous_381)
FNDA:0,(anonymous_382)
FNDA:0,(anonymous_383)
FNDA:0,(anonymous_384)
FNDA:0,g
FNDA:0,(anonymous_386)
FNDA:0,(anonymous_387)
FNDA:0,(anonymous_388)
FNDA:0,(anonymous_389)
FNDA:0,(anonymous_390)
FNDA:0,(anonymous_391)
FNDA:0,(anonymous_392)
FNDA:0,(anonymous_393)
FNDA:0,(anonymous_394)
FNDA:0,(anonymous_395)
FNDA:0,(anonymous_396)
FNDA:0,(anonymous_397)
FNDA:0,(anonymous_398)
FNDA:0,(anonymous_399)
FNDA:0,(anonymous_400)
FNDA:0,(anonymous_401)
FNDA:0,(anonymous_402)
FNDA:0,(anonymous_403)
FNDA:0,(anonymous_404)
FNDA:0,(anonymous_405)
FNDA:0,(anonymous_406)
FNDA:0,(anonymous_407)
FNDA:0,(anonymous_408)
FNDA:0,(anonymous_409)
FNDA:0,(anonymous_410)
FNDA:0,(anonymous_411)
FNDA:0,(anonymous_412)
FNDA:0,(anonymous_413)
FNDA:0,(anonymous_414)
FNDA:0,(anonymous_415)
FNDA:0,(anonymous_416)
FNDA:0,(anonymous_417)
FNDA:0,(anonymous_418)
FNDA:0,(anonymous_419)
FNDA:0,(anonymous_420)
FNDA:0,(anonymous_421)
FNDA:0,(anonymous_422)
FNDA:0,(anonymous_423)
FNDA:0,(anonymous_424)
FNDA:0,(anonymous_425)
FNDA:0,(anonymous_426)
FNDA:0,(anonymous_427)
FNDA:0,(anonymous_428)
FNDA:0,(anonymous_429)
FNDA:0,(anonymous_430)
FNDA:0,(anonymous_431)
FNDA:0,(anonymous_432)
FNDA:0,(anonymous_433)
FNDA:0,(anonymous_434)
FNDA:0,(anonymous_435)
FNDA:0,(anonymous_436)
FNDA:0,(anonymous_437)
FNDA:0,(anonymous_438)
FNDA:0,(anonymous_439)
FNDA:0,(anonymous_440)
FNDA:0,(anonymous_441)
FNDA:0,(anonymous_442)
FNDA:0,(anonymous_443)
FNDA:0,(anonymous_444)
FNDA:0,(anonymous_445)
FNDA:0,(anonymous_446)
FNDA:0,(anonymous_447)
FNDA:0,(anonymous_448)
FNDA:0,(anonymous_449)
FNDA:0,(anonymous_450)
FNDA:0,(anonymous_451)
FNDA:0,(anonymous_452)
FNDA:0,(anonymous_453)
FNDA:0,(anonymous_454)
FNDA:0,(anonymous_455)
FNDA:0,(anonymous_456)
FNDA:0,(anonymous_457)
FNDA:0,(anonymous_458)
FNDA:0,(anonymous_459)
FNDA:0,(anonymous_460)
FNDA:0,(anonymous_461)
FNDA:0,(anonymous_462)
FNDA:0,(anonymous_463)
FNDA:0,(anonymous_464)
FNDA:0,(anonymous_465)
FNDA:0,(anonymous_466)
FNDA:0,(anonymous_467)
FNDA:0,(anonymous_468)
FNDA:0,(anonymous_469)
FNDA:0,(anonymous_470)
FNDA:0,(anonymous_471)
FNDA:0,(anonymous_472)
FNDA:0,(anonymous_473)
FNDA:0,(anonymous_474)
FNDA:0,(anonymous_475)
FNDA:0,(anonymous_476)
FNDA:0,(anonymous_477)
FNDA:0,(anonymous_478)
FNDA:0,(anonymous_479)
FNDA:0,(anonymous_480)
FNDA:0,(anonymous_481)
FNDA:0,(anonymous_482)
FNDA:0,x
FNDA:0,(anonymous_484)
FNDA:0,(anonymous_485)
FNDA:0,(anonymous_486)
FNDA:0,(anonymous_487)
FNDA:0,(anonymous_488)
FNDA:0,(anonymous_489)
FNDA:0,(anonymous_490)
FNDA:0,(anonymous_491)
FNDA:0,(anonymous_492)
FNDA:0,(anonymous_493)
FNDA:0,(anonymous_494)
FNDA:0,(anonymous_495)
FNDA:0,(anonymous_496)
FNDA:0,(anonymous_497)
FNDA:0,(anonymous_498)
FNDA:0,(anonymous_499)
FNDA:0,(anonymous_500)
FNDA:0,(anonymous_501)
FNDA:0,(anonymous_502)
FNDA:0,(anonymous_503)
FNDA:0,(anonymous_504)
FNDA:0,(anonymous_505)
FNDA:0,(anonymous_506)
FNDA:0,(anonymous_507)
FNDA:0,(anonymous_508)
FNDA:0,(anonymous_509)
FNDA:0,(anonymous_510)
FNDA:0,(anonymous_511)
FNDA:0,(anonymous_512)
FNDA:0,(anonymous_513)
FNDA:0,(anonymous_514)
FNDA:0,(anonymous_515)
FNDA:0,(anonymous_516)
FNDA:0,(anonymous_517)
FNDA:0,(anonymous_518)
FNDA:0,(anonymous_519)
FNDA:0,(anonymous_520)
FNDA:0,(anonymous_521)
FNDA:0,(anonymous_522)
FNDA:0,(anonymous_523)
FNDA:0,(anonymous_524)
FNDA:0,(anonymous_525)
FNDA:0,(anonymous_526)
FNDA:0,(anonymous_527)
FNDA:0,(anonymous_528)
FNDA:0,(anonymous_529)
FNDA:0,(anonymous_530)
FNDA:0,(anonymous_531)
FNDA:0,(anonymous_532)
FNDA:0,(anonymous_533)
FNDA:0,(anonymous_534)
FNDA:0,(anonymous_535)
FNDA:0,(anonymous_536)
FNDA:0,(anonymous_537)
FNDA:0,(anonymous_538)
FNDA:0,(anonymous_539)
FNDA:0,(anonymous_540)
FNDA:0,(anonymous_541)
FNDA:0,(anonymous_542)
FNDA:0,(anonymous_543)
FNDA:0,(anonymous_544)
FNDA:0,(anonymous_545)
FNDA:0,(anonymous_546)
FNDA:0,(anonymous_547)
FNDA:0,(anonymous_548)
FNDA:0,(anonymous_549)
FNDA:0,(anonymous_550)
FNDA:0,(anonymous_551)
FNDA:0,(anonymous_552)
FNDA:0,(anonymous_553)
FNDA:0,(anonymous_554)
FNDA:0,(anonymous_555)
FNDA:0,(anonymous_556)
FNDA:0,(anonymous_557)
FNDA:0,(anonymous_558)
FNDA:0,(anonymous_559)
FNDA:0,(anonymous_560)
FNDA:0,(anonymous_561)
FNDA:0,(anonymous_562)
FNDA:0,(anonymous_563)
FNDA:0,(anonymous_564)
FNDA:0,(anonymous_565)
FNDA:0,(anonymous_566)
FNDA:0,(anonymous_567)
FNDA:0,(anonymous_568)
FNDA:0,(anonymous_569)
FNDA:0,(anonymous_570)
FNDA:0,(anonymous_571)
FNDA:0,(anonymous_572)
FNDA:0,(anonymous_573)
FNDA:0,(anonymous_574)
FNDA:0,(anonymous_575)
FNDA:0,(anonymous_576)
FNDA:0,(anonymous_577)
FNDA:0,(anonymous_578)
FNDA:0,(anonymous_579)
FNDA:0,(anonymous_580)
FNDA:0,(anonymous_581)
FNDA:0,(anonymous_582)
FNDA:0,(anonymous_583)
FNDA:0,(anonymous_584)
FNDA:0,(anonymous_585)
FNDA:0,(anonymous_586)
FNDA:0,(anonymous_587)
FNDA:0,(anonymous_588)
FNDA:0,(anonymous_589)
FNDA:0,(anonymous_590)
FNDA:0,(anonymous_591)
FNDA:0,(anonymous_592)
FNDA:0,(anonymous_593)
FNDA:0,(anonymous_594)
FNDA:0,(anonymous_595)
FNDA:0,(anonymous_596)
FNDA:0,(anonymous_597)
FNDA:0,(anonymous_598)
FNDA:0,(anonymous_599)
FNDA:0,(anonymous_600)
FNDA:0,(anonymous_601)
FNDA:0,(anonymous_602)
FNDA:0,(anonymous_603)
FNDA:0,(anonymous_604)
FNDA:0,(anonymous_605)
FNDA:0,(anonymous_606)
FNDA:0,(anonymous_607)
FNDA:0,(anonymous_608)
FNDA:0,(anonymous_609)
FNDA:0,(anonymous_610)
FNDA:0,(anonymous_611)
FNDA:0,(anonymous_612)
FNDA:0,(anonymous_613)
FNDA:0,(anonymous_614)
FNDA:0,(anonymous_615)
FNDA:0,(anonymous_616)
FNDA:0,(anonymous_617)
FNDA:0,(anonymous_618)
FNDA:0,(anonymous_619)
FNDA:0,(anonymous_620)
FNDA:0,(anonymous_621)
FNDA:0,(anonymous_622)
FNDA:0,(anonymous_623)
FNDA:0,(anonymous_624)
FNDA:0,(anonymous_625)
FNDA:0,(anonymous_626)
FNDA:0,(anonymous_627)
FNDA:0,(anonymous_628)
FNDA:0,(anonymous_629)
FNDA:0,(anonymous_630)
FNDA:0,(anonymous_631)
FNDA:0,(anonymous_632)
FNDA:0,(anonymous_633)
FNDA:0,(anonymous_634)
FNDA:0,(anonymous_635)
FNDA:0,(anonymous_636)
FNDA:0,(anonymous_637)
FNDA:0,(anonymous_638)
FNDA:0,(anonymous_639)
FNDA:0,(anonymous_640)
FNDA:0,(anonymous_641)
FNDA:0,(anonymous_642)
FNDA:0,(anonymous_643)
FNDA:0,(anonymous_644)
FNDA:0,(anonymous_645)
FNDA:0,(anonymous_646)
FNDA:0,(anonymous_647)
FNDA:0,(anonymous_648)
FNDA:0,(anonymous_649)
FNDA:0,(anonymous_650)
FNDA:0,(anonymous_651)
FNDA:0,(anonymous_652)
FNDA:0,(anonymous_653)
FNDA:0,(anonymous_654)
FNDA:0,(anonymous_655)
FNDA:0,(anonymous_656)
FNDA:0,(anonymous_657)
FNDA:0,(anonymous_658)
FNDA:0,(anonymous_659)
FNDA:0,(anonymous_660)
FNDA:0,(anonymous_661)
FNDA:0,(anonymous_662)
FNDA:0,(anonymous_663)
FNDA:0,(anonymous_664)
FNDA:0,(anonymous_665)
FNDA:0,(anonymous_666)
FNDA:0,(anonymous_667)
FNDA:0,(anonymous_668)
FNDA:0,(anonymous_669)
FNDA:0,(anonymous_670)
FNDA:0,(anonymous_671)
FNDA:0,(anonymous_672)
FNDA:0,(anonymous_673)
FNDA:0,(anonymous_674)
FNDA:0,(anonymous_675)
FNDA:0,(anonymous_676)
FNDA:0,(anonymous_677)
FNDA:0,(anonymous_678)
FNDA:0,(anonymous_679)
FNDA:0,(anonymous_680)
FNDA:0,(anonymous_681)
FNDA:0,(anonymous_682)
FNDA:0,(anonymous_683)
FNDA:0,(anonymous_684)
FNDA:0,(anonymous_685)
FNDA:0,(anonymous_686)
FNDA:0,(anonymous_687)
FNDA:0,(anonymous_688)
FNDA:0,(anonymous_689)
FNDA:0,(anonymous_690)
FNDA:0,(anonymous_691)
FNDA:0,(anonymous_692)
FNDA:0,(anonymous_693)
FNDA:0,(anonymous_694)
FNDA:0,(anonymous_695)
FNDA:0,(anonymous_696)
FNDA:0,(anonymous_697)
FNDA:0,(anonymous_698)
FNDA:0,(anonymous_699)
FNDA:0,(anonymous_700)
FNDA:0,(anonymous_701)
FNDA:0,(anonymous_702)
FNDA:0,(anonymous_703)
FNDA:0,(anonymous_704)
FNDA:0,(anonymous_705)
FNDA:0,(anonymous_706)
FNDA:0,(anonymous_707)
FNDA:0,(anonymous_708)
FNDA:0,(anonymous_709)
FNDA:0,(anonymous_710)
FNDA:0,(anonymous_711)
FNDA:0,(anonymous_712)
FNDA:0,(anonymous_713)
FNDA:0,(anonymous_714)
FNDA:0,(anonymous_715)
FNDA:0,(anonymous_716)
FNDA:0,(anonymous_717)
FNDA:0,(anonymous_718)
FNDA:0,(anonymous_719)
FNDA:0,(anonymous_720)
FNDA:0,(anonymous_721)
FNDA:0,(anonymous_722)
FNDA:0,(anonymous_723)
FNDA:0,(anonymous_724)
FNDA:0,(anonymous_725)
FNDA:0,(anonymous_726)
FNDA:0,(anonymous_727)
FNDA:0,(anonymous_728)
FNDA:0,(anonymous_729)
FNDA:0,(anonymous_730)
FNDA:0,(anonymous_731)
FNDA:0,(anonymous_732)
FNDA:0,(anonymous_733)
FNDA:0,(anonymous_734)
FNDA:0,(anonymous_735)
FNDA:0,(anonymous_736)
FNDA:0,(anonymous_737)
FNDA:0,(anonymous_738)
FNDA:0,(anonymous_739)
FNDA:0,(anonymous_740)
FNDA:0,(anonymous_741)
FNDA:0,(anonymous_742)
FNDA:0,(anonymous_743)
FNDA:0,(anonymous_744)
FNDA:0,(anonymous_745)
FNDA:0,(anonymous_746)
FNDA:0,(anonymous_747)
FNDA:0,(anonymous_748)
FNDA:0,(anonymous_749)
FNDA:0,(anonymous_750)
FNDA:0,(anonymous_751)
FNDA:0,(anonymous_752)
FNDA:0,(anonymous_753)
FNDA:0,(anonymous_754)
FNDA:0,(anonymous_755)
FNDA:0,(anonymous_756)
FNDA:0,(anonymous_757)
FNDA:0,(anonymous_758)
FNDA:0,(anonymous_759)
FNDA:0,(anonymous_760)
FNDA:0,(anonymous_761)
FNDA:0,(anonymous_762)
FNDA:0,(anonymous_763)
FNDA:0,(anonymous_764)
FNDA:0,(anonymous_765)
FNDA:0,(anonymous_766)
FNDA:0,(anonymous_767)
FNDA:0,(anonymous_768)
FNDA:0,(anonymous_769)
FNDA:0,(anonymous_770)
FNDA:0,(anonymous_771)
FNDA:0,(anonymous_772)
FNDA:0,(anonymous_773)
FNDA:0,(anonymous_774)
FNDA:0,(anonymous_775)
FNDA:0,(anonymous_776)
FNDA:0,(anonymous_777)
FNDA:0,(anonymous_778)
FNDA:0,(anonymous_779)
FNDA:0,(anonymous_780)
FNDA:0,(anonymous_781)
FNDA:0,(anonymous_782)
FNDA:0,(anonymous_783)
FNDA:0,(anonymous_784)
FNDA:0,(anonymous_785)
FNDA:0,(anonymous_786)
FNDA:0,(anonymous_787)
FNDA:0,(anonymous_788)
FNDA:0,(anonymous_789)
FNDA:0,(anonymous_790)
FNDA:0,(anonymous_791)
FNDA:0,(anonymous_792)
FNDA:0,(anonymous_793)
FNDA:0,(anonymous_794)
FNDA:0,(anonymous_795)
FNDA:0,(anonymous_796)
FNDA:0,(anonymous_797)
FNDA:0,(anonymous_798)
FNDA:0,(anonymous_799)
FNDA:0,(anonymous_800)
FNDA:0,(anonymous_801)
FNDA:0,(anonymous_802)
FNDA:0,(anonymous_803)
FNDA:0,(anonymous_804)
FNDA:0,(anonymous_805)
FNDA:0,(anonymous_806)
FNDA:0,(anonymous_807)
FNDA:0,(anonymous_808)
FNDA:0,(anonymous_809)
FNDA:0,(anonymous_810)
FNDA:0,(anonymous_811)
FNDA:0,(anonymous_812)
FNDA:0,(anonymous_813)
FNDA:0,(anonymous_814)
FNDA:0,(anonymous_815)
FNDA:0,(anonymous_816)
FNDA:0,(anonymous_817)
FNDA:0,(anonymous_818)
FNDA:0,(anonymous_819)
FNDA:0,(anonymous_820)
FNDA:0,(anonymous_821)
FNDA:0,(anonymous_822)
FNDA:0,(anonymous_823)
FNDA:0,(anonymous_824)
FNDA:0,(anonymous_825)
FNDA:0,(anonymous_826)
FNDA:0,(anonymous_827)
FNDA:0,(anonymous_828)
FNDA:0,(anonymous_829)
FNDA:0,(anonymous_830)
FNDA:0,(anonymous_831)
FNDA:0,(anonymous_832)
FNDA:0,(anonymous_833)
FNDA:0,(anonymous_834)
FNDA:0,(anonymous_835)
FNDA:0,(anonymous_836)
FNDA:0,(anonymous_837)
FNDA:0,(anonymous_838)
FNDA:0,(anonymous_839)
FNDA:0,(anonymous_840)
FNDA:0,(anonymous_841)
FNDA:0,(anonymous_842)
FNDA:0,(anonymous_843)
FNDA:0,(anonymous_844)
FNDA:0,(anonymous_845)
FNDA:0,(anonymous_846)
FNDA:0,(anonymous_847)
FNDA:0,(anonymous_848)
FNDA:0,(anonymous_849)
FNDA:0,(anonymous_850)
FNDA:0,(anonymous_851)
FNDA:0,(anonymous_852)
FNDA:0,(anonymous_853)
FNDA:0,(anonymous_854)
FNDA:0,(anonymous_855)
FNDA:0,(anonymous_856)
FNDA:0,(anonymous_857)
FNDA:0,(anonymous_858)
FNDA:0,(anonymous_859)
FNDA:0,(anonymous_860)
FNDA:0,(anonymous_861)
FNDA:0,(anonymous_862)
FNDA:0,(anonymous_863)
FNDA:0,(anonymous_864)
FNDA:0,(anonymous_865)
FNDA:0,(anonymous_866)
FNDA:0,(anonymous_867)
FNDA:0,(anonymous_868)
FNDA:0,(anonymous_869)
FNDA:0,(anonymous_870)
FNDA:0,(anonymous_871)
FNDA:0,(anonymous_872)
FNDA:0,(anonymous_873)
FNDA:0,(anonymous_874)
FNDA:0,(anonymous_875)
FNDA:0,(anonymous_876)
FNDA:0,(anonymous_877)
FNDA:0,(anonymous_878)
FNDA:0,(anonymous_879)
FNDA:0,(anonymous_880)
FNDA:0,(anonymous_881)
FNDA:0,(anonymous_882)
FNDA:0,(anonymous_883)
FNDA:0,(anonymous_884)
FNDA:0,(anonymous_885)
FNDA:0,(anonymous_886)
FNDA:0,(anonymous_887)
FNDA:0,(anonymous_888)
FNDA:0,(anonymous_889)
FNDA:0,(anonymous_890)
FNDA:0,(anonymous_891)
FNDA:0,(anonymous_892)
FNDA:0,(anonymous_893)
FNDA:0,(anonymous_894)
FNDA:0,(anonymous_895)
FNDA:0,(anonymous_896)
FNDA:0,(anonymous_897)
FNDA:0,(anonymous_898)
FNDA:0,(anonymous_899)
FNDA:0,(anonymous_900)
FNDA:0,(anonymous_901)
FNDA:0,(anonymous_902)
FNDA:0,(anonymous_903)
FNDA:0,(anonymous_904)
FNDA:0,(anonymous_905)
FNDA:0,(anonymous_906)
FNDA:0,(anonymous_907)
FNDA:0,(anonymous_908)
FNDA:0,(anonymous_909)
FNDA:0,(anonymous_910)
FNDA:0,(anonymous_911)
FNDA:0,(anonymous_912)
FNDA:0,(anonymous_913)
FNDA:0,(anonymous_914)
FNDA:0,(anonymous_915)
FNDA:0,(anonymous_916)
FNDA:0,(anonymous_917)
FNDA:0,(anonymous_918)
FNDA:0,(anonymous_919)
FNDA:0,(anonymous_920)
FNDA:0,(anonymous_921)
FNDA:0,(anonymous_922)
FNDA:0,(anonymous_923)
FNDA:0,(anonymous_924)
FNDA:0,(anonymous_925)
FNDA:0,(anonymous_926)
FNDA:0,(anonymous_927)
FNDA:0,(anonymous_928)
FNDA:0,(anonymous_929)
FNDA:0,(anonymous_930)
FNDA:0,(anonymous_931)
FNDA:0,(anonymous_932)
FNDA:0,(anonymous_933)
FNDA:0,(anonymous_934)
FNDA:0,(anonymous_935)
FNDA:0,(anonymous_936)
FNDA:0,(anonymous_937)
FNDA:0,(anonymous_938)
FNDA:0,(anonymous_939)
FNDA:0,(anonymous_940)
FNDA:0,(anonymous_941)
FNDA:0,(anonymous_942)
FNDA:0,__
FNDA:0,(anonymous_944)
FNDA:0,registerService
FNDA:0,(anonymous_946)
FNDA:0,registerComponent
FNDA:0,(anonymous_948)
FNDA:0,(anonymous_949)
FNDA:0,(anonymous_950)
FNDA:0,(anonymous_951)
FNDA:0,Application
FNDA:0,(anonymous_953)
FNDA:0,(anonymous_954)
FNDA:0,(anonymous_955)
FNDA:0,(anonymous_956)
FNDA:0,(anonymous_957)
FNDA:0,(anonymous_958)
FNDA:0,(anonymous_959)
FNDA:0,FilterItem
FNDA:0,(anonymous_961)
FNDA:0,(anonymous_962)
FNDA:0,(anonymous_963)
FNDA:0,(anonymous_964)
FNDA:0,(anonymous_965)
FNDA:0,(anonymous_966)
FNDA:0,FilterItemCheckbox
FNDA:0,(anonymous_968)
FNDA:0,(anonymous_969)
FNDA:0,(anonymous_970)
FNDA:0,(anonymous_971)
FNDA:0,(anonymous_972)
FNDA:0,(anonymous_973)
FNDA:0,FilterItemSelect
FNDA:0,(anonymous_975)
FNDA:0,(anonymous_976)
FNDA:0,(anonymous_977)
FNDA:0,(anonymous_978)
FNDA:0,(anonymous_979)
FNDA:0,(anonymous_980)
FNDA:0,(anonymous_981)
FNDA:0,Filter
FNDA:0,(anonymous_983)
FNDA:0,(anonymous_984)
FNDA:0,(anonymous_985)
FNDA:0,MenuHighlight
FNDA:0,(anonymous_987)
FNDA:0,(anonymous_988)
FNDA:0,(anonymous_989)
FNDA:0,(anonymous_990)
FNDA:0,(anonymous_991)
FNDA:0,(anonymous_992)
FNDA:0,(anonymous_993)
FNDA:0,(anonymous_994)
FNDA:0,MenuSticky
FNDA:0,(anonymous_996)
FNDA:0,(anonymous_997)
FNDA:0,(anonymous_998)
FNDA:0,(anonymous_999)
FNDA:0,(anonymous_1000)
FNDA:0,createIndex
FNDA:0,batch
FNDA:0,loadIndex
FNDA:0,(anonymous_1004)
FNDA:0,(anonymous_1005)
FNDA:0,(anonymous_1006)
FNDA:0,updateResults
FNDA:0,setLoadingState
FNDA:0,setHasFocus
FNDA:0,setQuery
FNDA:0,setCurrentResult
FNDA:0,gotoCurrentResult
FNDA:0,(anonymous_1013)
FNDA:0,(anonymous_1014)
FNDA:0,(anonymous_1015)
FNDA:0,(anonymous_1016)
FNDA:0,(anonymous_1017)
FNDA:0,(anonymous_1018)
FNDA:0,(anonymous_1019)
FNDA:0,(anonymous_1020)
FNDA:0,(anonymous_1021)
FNDA:0,(anonymous_1022)
FNDA:0,SignatureGroup
FNDA:0,(anonymous_1024)
FNDA:0,(anonymous_1025)
FNDA:0,(anonymous_1026)
FNDA:0,Signature
FNDA:0,(anonymous_1028)
FNDA:0,(anonymous_1029)
FNDA:0,(anonymous_1030)
FNDA:0,(anonymous_1031)
FNDA:0,(anonymous_1032)
FNDA:0,(anonymous_1033)
FNDA:0,(anonymous_1034)
FNDA:0,(anonymous_1035)
FNDA:0,(anonymous_1036)
FNDA:0,(anonymous_1037)
FNDA:0,(anonymous_1038)
FNDA:0,Toggle
FNDA:0,(anonymous_1040)
FNDA:0,(anonymous_1041)
FNDA:0,(anonymous_1042)
FNDA:0,(anonymous_1043)
FNDA:0,(anonymous_1044)
FNDA:0,(anonymous_1045)
FNDA:0,(anonymous_1046)
FNDA:0,(anonymous_1047)
FNDA:0,(anonymous_1048)
FNDA:0,(anonymous_1049)
FNDA:0,(anonymous_1050)
FNDA:0,(anonymous_1051)
FNDA:0,Viewport
FNDA:0,(anonymous_1053)
FNDA:0,(anonymous_1054)
FNDA:0,(anonymous_1055)
FNDA:0,(anonymous_1056)
FNDA:0,(anonymous_1057)
FNDA:0,(anonymous_1058)
FNDA:0,(anonymous_1059)
FNDA:0,(anonymous_1060)
FNDA:0,(anonymous_1061)
FNDA:0,(anonymous_1062)
FNDA:0,(anonymous_1063)
FNDA:0,noTransition
FNDA:0,animateHeight
FNDA:0,(anonymous_1066)
FNDA:0,(anonymous_1067)
FNDA:0,(anonymous_1068)
FNDA:0,(anonymous_1069)
FNDA:0,(anonymous_1070)
DA:1,0
DA:2,0
DA:3,0
DA:4,0
DA:5,0
LF:5
LH:0
BRDA:1,0,0,0
BRDA:1,0,1,0
BRDA:1,1,0,0
BRDA:1,1,1,0
BRDA:1,2,0,0
BRDA:1,2,1,0
BRDA:1,3,0,0
BRDA:1,3,1,0
BRDA:1,4,0,0
BRDA:1,4,1,0
BRDA:1,5,0,0
BRDA:1,5,1,0
BRDA:1,5,2,0
BRDA:1,5,3,0
BRDA:1,5,4,0
BRDA:1,5,5,0
BRDA:1,5,6,0
BRDA:1,5,7,0
BRDA:1,6,0,0
BRDA:1,6,1,0
BRDA:1,7,0,0
BRDA:1,7,1,0
BRDA:1,8,0,0
BRDA:1,8,1,0
BRDA:1,9,0,0
BRDA:1,9,1,0
BRDA:1,10,0,0
BRDA:1,10,1,0
BRDA:1,11,0,0
BRDA:1,11,1,0
BRDA:1,12,0,0
BRDA:1,12,1,0
BRDA:1,13,0,0
BRDA:1,13,1,0
BRDA:1,14,0,0
BRDA:1,14,1,0
BRDA:1,15,0,0
BRDA:1,15,1,0
BRDA:1,16,0,0
BRDA:1,16,1,0
BRDA:1,16,2,0
BRDA:1,17,0,0
BRDA:1,17,1,0
BRDA:1,18,0,0
BRDA:1,18,1,0
BRDA:1,19,0,0
BRDA:1,19,1,0
BRDA:1,20,0,0
BRDA:1,20,1,0
BRDA:1,21,0,0
BRDA:1,21,1,0
BRDA:1,22,0,0
BRDA:1,22,1,0
BRDA:1,23,0,0
BRDA:1,23,1,0
BRDA:1,24,0,0
BRDA:1,24,1,0
BRDA:1,25,0,0
BRDA:1,25,1,0
BRDA:1,26,0,0
BRDA:1,26,1,0
BRDA:1,27,0,0
BRDA:1,27,1,0
BRDA:1,28,0,0
BRDA:1,28,1,0
BRDA:1,29,0,0
BRDA:1,29,1,0
BRDA:1,30,0,0
BRDA:1,30,1,0
BRDA:1,31,0,0
BRDA:1,31,1,0
BRDA:1,32,0,0
BRDA:1,32,1,0
BRDA:1,33,0,0
BRDA:1,33,1,0
BRDA:1,34,0,0
BRDA:1,34,1,0
BRDA:1,35,0,0
BRDA:1,35,1,0
BRDA:1,35,2,0
BRDA:1,36,0,0
BRDA:1,36,1,0
BRDA:1,37,0,0
BRDA:1,37,1,0
BRDA:1,38,0,0
BRDA:1,38,1,0
BRDA:1,38,2,0
BRDA:1,39,0,0
BRDA:1,39,1,0
BRDA:1,40,0,0
BRDA:1,40,1,0
BRDA:1,41,0,0
BRDA:1,41,1,0
BRDA:1,42,0,0
BRDA:1,42,1,0
BRDA:1,42,2,0
BRDA:1,43,0,0
BRDA:1,43,1,0
BRDA:1,44,0,0
BRDA:1,44,1,0
BRDA:1,45,0,0
BRDA:1,45,1,0
BRDA:1,46,0,0
BRDA:1,46,1,0
BRDA:1,47,0,0
BRDA:1,47,1,0
BRDA:1,48,0,0
BRDA:1,48,1,0
BRDA:1,48,2,0
BRDA:1,49,0,0
BRDA:1,49,1,0
BRDA:1,49,2,0
BRDA:1,50,0,0
BRDA:1,50,1,0
BRDA:1,51,0,0
BRDA:1,51,1,0
BRDA:1,52,0,0
BRDA:1,52,1,0
BRDA:1,53,0,0
BRDA:1,53,1,0
BRDA:1,54,0,0
BRDA:1,54,1,0
BRDA:1,55,0,0
BRDA:1,55,1,0
BRDA:1,56,0,0
BRDA:1,56,1,0
BRDA:1,57,0,0
BRDA:1,57,1,0
BRDA:1,58,0,0
BRDA:1,58,1,0
BRDA:1,59,0,0
BRDA:1,59,1,0
BRDA:1,60,0,0
BRDA:1,60,1,0
BRDA:1,61,0,0
BRDA:1,61,1,0
BRDA:1,62,0,0
BRDA:1,62,1,0
BRDA:1,63,0,0
BRDA:1,63,1,0
BRDA:1,64,0,0
BRDA:1,64,1,0
BRDA:1,65,0,0
BRDA:1,65,1,0
BRDA:1,66,0,0
BRDA:1,66,1,0
BRDA:1,67,0,0
BRDA:1,67,1,0
BRDA:1,68,0,0
BRDA:1,68,1,0
BRDA:1,69,0,0
BRDA:1,69,1,0
BRDA:1,69,2,0
BRDA:1,70,0,0
BRDA:1,70,1,0
BRDA:1,70,2,0
BRDA:1,71,0,0
BRDA:1,71,1,0
BRDA:1,72,0,0
BRDA:1,72,1,0
BRDA:1,73,0,0
BRDA:1,73,1,0
BRDA:1,74,0,0
BRDA:1,74,1,0
BRDA:1,75,0,0
BRDA:1,75,1,0
BRDA:1,76,0,0
BRDA:1,76,1,0
BRDA:1,76,2,0
BRDA:1,77,0,0
BRDA:1,77,1,0
BRDA:1,77,2,0
BRDA:1,78,0,0
BRDA:1,78,1,0
BRDA:1,78,2,0
BRDA:1,79,0,0
BRDA:1,79,1,0
BRDA:1,80,0,0
BRDA:1,80,1,0
BRDA:1,80,2,0
BRDA:1,80,3,0
BRDA:1,80,4,0
BRDA:1,81,0,0
BRDA:1,81,1,0
BRDA:1,82,0,0
BRDA:1,82,1,0
BRDA:1,83,0,0
BRDA:1,83,1,0
BRDA:1,84,0,0
BRDA:1,84,1,0
BRDA:1,85,0,0
BRDA:1,85,1,0
BRDA:1,86,0,0
BRDA:1,86,1,0
BRDA:1,87,0,0
BRDA:1,87,1,0
BRDA:1,88,0,0
BRDA:1,88,1,0
BRDA:1,89,0,0
BRDA:1,89,1,0
BRDA:1,90,0,0
BRDA:1,90,1,0
BRDA:1,91,0,0
BRDA:1,91,1,0
BRDA:1,92,0,0
BRDA:1,92,1,0
BRDA:1,92,2,0
BRDA:1,92,3,0
BRDA:1,93,0,0
BRDA:1,93,1,0
BRDA:1,93,2,0
BRDA:1,94,0,0
BRDA:1,94,1,0
BRDA:1,95,0,0
BRDA:1,95,1,0
BRDA:1,96,0,0
BRDA:1,96,1,0
BRDA:1,97,0,0
BRDA:1,97,1,0
BRDA:1,98,0,0
BRDA:1,98,1,0
BRDA:1,99,0,0
BRDA:1,99,1,0
BRDA:1,100,0,0
BRDA:1,100,1,0
BRDA:1,101,0,0
BRDA:1,101,1,0
BRDA:1,102,0,0
BRDA:1,102,1,0
BRDA:1,102,2,0
BRDA:1,103,0,0
BRDA:1,103,1,0
BRDA:1,103,2,0
BRDA:1,104,0,0
BRDA:1,104,1,0
BRDA:1,105,0,0
BRDA:1,105,1,0
BRDA:1,106,0,0
BRDA:1,106,1,0
BRDA:1,107,0,0
BRDA:1,107,1,0
BRDA:1,108,0,0
BRDA:1,108,1,0
BRDA:1,109,0,0
BRDA:1,109,1,0
BRDA:1,110,0,0
BRDA:1,110,1,0
BRDA:1,111,0,0
BRDA:1,111,1,0
BRDA:1,112,0,0
BRDA:1,112,1,0
BRDA:1,113,0,0
BRDA:1,113,1,0
BRDA:1,114,0,0
BRDA:1,114,1,0
BRDA:1,115,0,0
BRDA:1,115,1,0
BRDA:1,116,0,0
BRDA:1,116,1,0
BRDA:1,117,0,0
BRDA:1,117,1,0
BRDA:1,118,0,0
BRDA:1,118,1,0
BRDA:1,119,0,0
BRDA:1,119,1,0
BRDA:1,120,0,0
BRDA:1,120,1,0
BRDA:1,121,0,0
BRDA:1,121,1,0
BRDA:1,122,0,0
BRDA:1,122,1,0
BRDA:1,123,0,0
BRDA:1,123,1,0
BRDA:1,124,0,0
BRDA:1,124,1,0
BRDA:1,125,0,0
BRDA:1,125,1,0
BRDA:1,126,0,0
BRDA:1,126,1,0
BRDA:1,127,0,0
BRDA:1,127,1,0
BRDA:1,128,0,0
BRDA:1,128,1,0
BRDA:1,129,0,0
BRDA:1,129,1,0
BRDA:1,130,0,0
BRDA:1,130,1,0
BRDA:1,131,0,0
BRDA:1,131,1,0
BRDA:1,132,0,0
BRDA:1,132,1,0
BRDA:1,133,0,0
BRDA:1,133,1,0
BRDA:1,134,0,0
BRDA:1,134,1,0
BRDA:1,135,0,0
BRDA:1,135,1,0
BRDA:1,136,0,0
BRDA:1,136,1,0
BRDA:1,137,0,0
BRDA:1,137,1,0
BRDA:1,138,0,0
BRDA:1,138,1,0
BRDA:1,139,0,0
BRDA:1,139,1,0
BRDA:1,140,0,0
BRDA:1,140,1,0
BRDA:1,141,0,0
BRDA:1,141,1,0
BRDA:1,142,0,0
BRDA:1,142,1,0
BRDA:1,142,2,0
BRDA:1,143,0,0
BRDA:1,143,1,0
BRDA:1,144,0,0
BRDA:1,144,1,0
BRDA:1,144,2,0
BRDA:1,145,0,0
BRDA:1,145,1,0
BRDA:1,146,0,0
BRDA:1,146,1,0
BRDA:1,147,0,0
BRDA:1,147,1,0
BRDA:1,148,0,0
BRDA:1,148,1,0
BRDA:1,149,0,0
BRDA:1,149,1,0
BRDA:1,150,0,0
BRDA:1,150,1,0
BRDA:1,151,0,0
BRDA:1,151,1,0
BRDA:1,152,0,0
BRDA:1,152,1,0
BRDA:1,153,0,0
BRDA:1,153,1,0
BRDA:1,154,0,0
BRDA:1,154,1,0
BRDA:1,155,0,0
BRDA:1,155,1,0
BRDA:1,156,0,0
BRDA:1,156,1,0
BRDA:1,157,0,0
BRDA:1,157,1,0
BRDA:1,158,0,0
BRDA:1,158,1,0
BRDA:1,159,0,0
BRDA:1,159,1,0
BRDA:1,160,0,0
BRDA:1,160,1,0
BRDA:1,161,0,0
BRDA:1,161,1,0
BRDA:1,162,0,0
BRDA:1,162,1,0
BRDA:1,163,0,0
BRDA:1,163,1,0
BRDA:1,164,0,0
BRDA:1,164,1,0
BRDA:1,165,0,0
BRDA:1,165,1,0
BRDA:1,165,2,0
BRDA:1,165,3,0
BRDA:1,166,0,0
BRDA:1,166,1,0
BRDA:1,167,0,0
BRDA:1,167,1,0
BRDA:1,168,0,0
BRDA:1,168,1,0
BRDA:1,169,0,0
BRDA:1,169,1,0
BRDA:1,170,0,0
BRDA:1,170,1,0
BRDA:1,171,0,0
BRDA:1,171,1,0
BRDA:1,172,0,0
BRDA:1,172,1,0
BRDA:1,173,0,0
BRDA:1,173,1,0
BRDA:1,174,0,0
BRDA:1,174,1,0
BRDA:1,175,0,0
BRDA:1,175,1,0
BRDA:1,176,0,0
BRDA:1,176,1,0
BRDA:1,177,0,0
BRDA:1,177,1,0
BRDA:1,178,0,0
BRDA:1,178,1,0
BRDA:1,179,0,0
BRDA:1,179,1,0
BRDA:1,180,0,0
BRDA:1,180,1,0
BRDA:1,181,0,0
BRDA:1,181,1,0
BRDA:1,182,0,0
BRDA:1,182,1,0
BRDA:1,183,0,0
BRDA:1,183,1,0
BRDA:1,184,0,0
BRDA:1,184,1,0
BRDA:1,185,0,0
BRDA:1,185,1,0
BRDA:1,186,0,0
BRDA:1,186,1,0
BRDA:1,187,0,0
BRDA:1,187,1,0
BRDA:1,188,0,0
BRDA:1,188,1,0
BRDA:1,189,0,0
BRDA:1,189,1,0
BRDA:1,190,0,0
BRDA:1,190,1,0
BRDA:1,191,0,0
BRDA:1,191,1,0
BRDA:1,192,0,0
BRDA:1,192,1,0
BRDA:1,193,0,0
BRDA:1,193,1,0
BRDA:1,194,0,0
BRDA:1,194,1,0
BRDA:1,195,0,0
BRDA:1,195,1,0
BRDA:1,196,0,0
BRDA:1,196,1,0
BRDA:1,197,0,0
BRDA:1,197,1,0
BRDA:1,197,2,0
BRDA:1,198,0,0
BRDA:1,198,1,0
BRDA:1,199,0,0
BRDA:1,199,1,0
BRDA:1,200,0,0
BRDA:1,200,1,0
BRDA:1,201,0,0
BRDA:1,201,1,0
BRDA:1,202,0,0
BRDA:1,202,1,0
BRDA:1,202,2,0
BRDA:1,202,3,0
BRDA:1,203,0,0
BRDA:1,203,1,0
BRDA:1,204,0,0
BRDA:1,204,1,0
BRDA:1,205,0,0
BRDA:1,205,1,0
BRDA:1,206,0,0
BRDA:1,206,1,0
BRDA:1,207,0,0
BRDA:1,207,1,0
BRDA:1,208,0,0
BRDA:1,208,1,0
BRDA:1,209,0,0
BRDA:1,209,1,0
BRDA:1,210,0,0
BRDA:1,210,1,0
BRDA:1,211,0,0
BRDA:1,211,1,0
BRDA:1,211,2,0
BRDA:1,211,3,0
BRDA:1,212,0,0
BRDA:1,212,1,0
BRDA:1,213,0,0
BRDA:1,213,1,0
BRDA:1,214,0,0
BRDA:1,214,1,0
BRDA:1,215,0,0
BRDA:1,215,1,0
BRDA:1,216,0,0
BRDA:1,216,1,0
BRDA:1,217,0,0
BRDA:1,217,1,0
BRDA:1,218,0,0
BRDA:1,218,1,0
BRDA:1,219,0,0
BRDA:1,219,1,0
BRDA:1,220,0,0
BRDA:1,220,1,0
BRDA:1,221,0,0
BRDA:1,221,1,0
BRDA:1,222,0,0
BRDA:1,222,1,0
BRDA:1,223,0,0
BRDA:1,223,1,0
BRDA:1,224,0,0
BRDA:1,224,1,0
BRDA:1,225,0,0
BRDA:1,225,1,0
BRDA:1,226,0,0
BRDA:1,226,1,0
BRDA:1,227,0,0
BRDA:1,227,1,0
BRDA:1,228,0,0
BRDA:1,228,1,0
BRDA:1,229,0,0
BRDA:1,229,1,0
BRDA:1,230,0,0
BRDA:1,230,1,0
BRDA:1,231,0,0
BRDA:1,231,1,0
BRDA:1,232,0,0
BRDA:1,232,1,0
BRDA:1,233,0,0
BRDA:1,233,1,0
BRDA:1,234,0,0
BRDA:1,234,1,0
BRDA:1,235,0,0
BRDA:1,235,1,0
BRDA:1,236,0,0
BRDA:1,236,1,0
BRDA:1,237,0,0
BRDA:1,237,1,0
BRDA:1,238,0,0
BRDA:1,238,1,0
BRDA:1,239,0,0
BRDA:1,239,1,0
BRDA:1,240,0,0
BRDA:1,240,1,0
BRDA:1,241,0,0
BRDA:1,241,1,0
BRDA:1,242,0,0
BRDA:1,242,1,0
BRDA:1,243,0,0
BRDA:1,243,1,0
BRDA:1,244,0,0
BRDA:1,244,1,0
BRDA:1,245,0,0
BRDA:1,245,1,0
BRDA:1,246,0,0
BRDA:1,246,1,0
BRDA:1,247,0,0
BRDA:1,247,1,0
BRDA:1,248,0,0
BRDA:1,248,1,0
BRDA:1,249,0,0
BRDA:1,249,1,0
BRDA:1,250,0,0
BRDA:1,250,1,0
BRDA:1,251,0,0
BRDA:1,251,1,0
BRDA:1,252,0,0
BRDA:1,252,1,0
BRDA:1,253,0,0
BRDA:1,253,1,0
BRDA:1,254,0,0
BRDA:1,254,1,0
BRDA:1,255,0,0
BRDA:1,255,1,0
BRDA:1,256,0,0
BRDA:1,256,1,0
BRDA:1,257,0,0
BRDA:1,257,1,0
BRDA:1,258,0,0
BRDA:1,258,1,0
BRDA:1,259,0,0
BRDA:1,259,1,0
BRDA:1,259,2,0
BRDA:1,259,3,0
BRDA:1,260,0,0
BRDA:1,260,1,0
BRDA:1,261,0,0
BRDA:1,261,1,0
BRDA:1,262,0,0
BRDA:1,262,1,0
BRDA:1,262,2,0
BRDA:1,263,0,0
BRDA:1,263,1,0
BRDA:1,264,0,0
BRDA:1,264,1,0
BRDA:1,264,2,0
BRDA:1,265,0,0
BRDA:1,265,1,0
BRDA:1,266,0,0
BRDA:1,266,1,0
BRDA:1,267,0,0
BRDA:1,267,1,0
BRDA:1,268,0,0
BRDA:1,268,1,0
BRDA:1,269,0,0
BRDA:1,269,1,0
BRDA:1,269,2,0
BRDA:1,270,0,0
BRDA:1,270,1,0
BRDA:1,271,0,0
BRDA:1,271,1,0
BRDA:1,272,0,0
BRDA:1,272,1,0
BRDA:1,273,0,0
BRDA:1,273,1,0
BRDA:1,274,0,0
BRDA:1,274,1,0
BRDA:1,275,0,0
BRDA:1,275,1,0
BRDA:1,275,2,0
BRDA:1,275,3,0
BRDA:1,276,0,0
BRDA:1,276,1,0
BRDA:1,277,0,0
BRDA:1,277,1,0
BRDA:1,278,0,0
BRDA:1,278,1,0
BRDA:1,279,0,0
BRDA:1,279,1,0
BRDA:1,280,0,0
BRDA:1,280,1,0
BRDA:1,281,0,0
BRDA:1,281,1,0
BRDA:1,282,0,0
BRDA:1,282,1,0
BRDA:1,283,0,0
BRDA:1,283,1,0
BRDA:1,283,2,0
BRDA:1,284,0,0
BRDA:1,284,1,0
BRDA:1,285,0,0
BRDA:1,285,1,0
BRDA:1,286,0,0
BRDA:1,286,1,0
BRDA:1,287,0,0
BRDA:1,287,1,0
BRDA:1,288,0,0
BRDA:1,288,1,0
BRDA:1,289,0,0
BRDA:1,289,1,0
BRDA:1,290,0,0
BRDA:1,290,1,0
BRDA:1,290,2,0
BRDA:1,291,0,0
BRDA:1,291,1,0
BRDA:1,292,0,0
BRDA:1,292,1,0
BRDA:1,293,0,0
BRDA:1,293,1,0
BRDA:1,294,0,0
BRDA:1,294,1,0
BRDA:1,295,0,0
BRDA:1,295,1,0
BRDA:1,295,2,0
BRDA:1,296,0,0
BRDA:1,296,1,0
BRDA:1,297,0,0
BRDA:1,297,1,0
BRDA:1,298,0,0
BRDA:1,298,1,0
BRDA:1,299,0,0
BRDA:1,299,1,0
BRDA:1,299,2,0
BRDA:1,299,3,0
BRDA:1,300,0,0
BRDA:1,300,1,0
BRDA:1,301,0,0
BRDA:1,301,1,0
BRDA:1,301,2,0
BRDA:1,302,0,0
BRDA:1,302,1,0
BRDA:1,302,2,0
BRDA:1,303,0,0
BRDA:1,303,1,0
BRDA:1,304,0,0
BRDA:1,304,1,0
BRDA:1,305,0,0
BRDA:1,305,1,0
BRDA:1,306,0,0
BRDA:1,306,1,0
BRDA:1,307,0,0
BRDA:1,307,1,0
BRDA:1,307,2,0
BRDA:1,308,0,0
BRDA:1,308,1,0
BRDA:1,309,0,0
BRDA:1,309,1,0
BRDA:1,310,0,0
BRDA:1,310,1,0
BRDA:1,311,0,0
BRDA:1,311,1,0
BRDA:1,312,0,0
BRDA:1,312,1,0
BRDA:1,313,0,0
BRDA:1,313,1,0
BRDA:1,314,0,0
BRDA:1,314,1,0
BRDA:1,315,0,0
BRDA:1,315,1,0
BRDA:1,316,0,0
BRDA:1,316,1,0
BRDA:1,317,0,0
BRDA:1,317,1,0
BRDA:1,318,0,0
BRDA:1,318,1,0
BRDA:1,319,0,0
BRDA:1,319,1,0
BRDA:1,320,0,0
BRDA:1,320,1,0
BRDA:1,321,0,0
BRDA:1,321,1,0
BRDA:1,321,2,0
BRDA:1,322,0,0
BRDA:1,322,1,0
BRDA:1,323,0,0
BRDA:1,323,1,0
BRDA:1,324,0,0
BRDA:1,324,1,0
BRDA:1,325,0,0
BRDA:1,325,1,0
BRDA:1,326,0,0
BRDA:1,326,1,0
BRDA:1,327,0,0
BRDA:1,327,1,0
BRDA:1,327,2,0
BRDA:1,327,3,0
BRDA:1,328,0,0
BRDA:1,328,1,0
BRDA:1,329,0,0
BRDA:1,329,1,0
BRDA:1,330,0,0
BRDA:1,330,1,0
BRDA:1,331,0,0
BRDA:1,331,1,0
BRDA:1,332,0,0
BRDA:1,332,1,0
BRDA:1,333,0,0
BRDA:1,333,1,0
BRDA:1,334,0,0
BRDA:1,334,1,0
BRDA:1,335,0,0
BRDA:1,335,1,0
BRDA:1,336,0,0
BRDA:1,336,1,0
BRDA:1,337,0,0
BRDA:1,337,1,0
BRDA:1,338,0,0
BRDA:1,338,1,0
BRDA:1,339,0,0
BRDA:1,339,1,0
BRDA:1,339,2,0
BRDA:1,340,0,0
BRDA:1,340,1,0
BRDA:1,341,0,0
BRDA:1,341,1,0
BRDA:1,342,0,0
BRDA:1,342,1,0
BRDA:1,343,0,0
BRDA:1,343,1,0
BRDA:1,344,0,0
BRDA:1,344,1,0
BRDA:1,345,0,0
BRDA:1,345,1,0
BRDA:1,346,0,0
BRDA:1,346,1,0
BRDA:1,347,0,0
BRDA:1,347,1,0
BRDA:1,348,0,0
BRDA:1,348,1,0
BRDA:1,349,0,0
BRDA:1,349,1,0
BRDA:1,350,0,0
BRDA:1,350,1,0
BRDA:1,351,0,0
BRDA:1,351,1,0
BRDA:1,352,0,0
BRDA:1,352,1,0
BRDA:1,353,0,0
BRDA:1,353,1,0
BRDA:1,354,0,0
BRDA:1,354,1,0
BRDA:1,355,0,0
BRDA:1,355,1,0
BRDA:1,356,0,0
BRDA:1,356,1,0
BRDA:1,357,0,0
BRDA:1,357,1,0
BRDA:1,357,2,0
BRDA:1,358,0,0
BRDA:1,358,1,0
BRDA:1,358,2,0
BRDA:1,358,3,0
BRDA:1,358,4,0
BRDA:1,359,0,0
BRDA:1,359,1,0
BRDA:1,360,0,0
BRDA:1,360,1,0
BRDA:1,361,0,0
BRDA:1,361,1,0
BRDA:1,362,0,0
BRDA:1,362,1,0
BRDA:1,363,0,0
BRDA:1,363,1,0
BRDA:1,364,0,0
BRDA:1,364,1,0
BRDA:1,365,0,0
BRDA:1,365,1,0
BRDA:1,366,0,0
BRDA:1,366,1,0
BRDA:1,367,0,0
BRDA:1,367,1,0
BRDA:1,368,0,0
BRDA:1,368,1,0
BRDA:1,369,0,0
BRDA:1,369,1,0
BRDA:1,370,0,0
BRDA:1,370,1,0
BRDA:1,371,0,0
BRDA:1,371,1,0
BRDA:1,372,0,0
BRDA:1,372,1,0
BRDA:1,373,0,0
BRDA:1,373,1,0
BRDA:1,374,0,0
BRDA:1,374,1,0
BRDA:1,374,2,0
BRDA:1,375,0,0
BRDA:1,375,1,0
BRDA:1,375,2,0
BRDA:1,376,0,0
BRDA:1,376,1,0
BRDA:1,377,0,0
BRDA:1,377,1,0
BRDA:1,378,0,0
BRDA:1,378,1,0
BRDA:1,379,0,0
BRDA:1,379,1,0
BRDA:1,380,0,0
BRDA:1,380,1,0
BRDA:1,381,0,0
BRDA:1,381,1,0
BRDA:1,382,0,0
BRDA:1,382,1,0
BRDA:1,383,0,0
BRDA:1,383,1,0
BRDA:1,384,0,0
BRDA:1,384,1,0
BRDA:1,385,0,0
BRDA:1,385,1,0
BRDA:1,386,0,0
BRDA:1,386,1,0
BRDA:1,387,0,0
BRDA:1,387,1,0
BRDA:1,388,0,0
BRDA:1,388,1,0
BRDA:1,389,0,0
BRDA:1,389,1,0
BRDA:1,390,0,0
BRDA:1,390,1,0
BRDA:1,391,0,0
BRDA:1,391,1,0
BRDA:1,392,0,0
BRDA:1,392,1,0
BRDA:1,393,0,0
BRDA:1,393,1,0
BRDA:1,394,0,0
BRDA:1,394,1,0
BRDA:1,395,0,0
BRDA:1,395,1,0
BRDA:1,396,0,0
BRDA:1,396,1,0
BRDA:1,397,0,0
BRDA:1,397,1,0
BRDA:1,398,0,0
BRDA:1,398,1,0
BRDA:1,399,0,0
BRDA:1,399,1,0
BRDA:1,400,0,0
BRDA:1,400,1,0
BRDA:1,401,0,0
BRDA:1,401,1,0
BRDA:1,401,2,0
BRDA:1,401,3,0
BRDA:1,401,4,0
BRDA:1,402,0,0
BRDA:1,402,1,0
BRDA:1,403,0,0
BRDA:1,403,1,0
BRDA:1,404,0,0
BRDA:1,404,1,0
BRDA:1,405,0,0
BRDA:1,405,1,0
BRDA:1,406,0,0
BRDA:1,406,1,0
BRDA:1,407,0,0
BRDA:1,407,1,0
BRDA:1,408,0,0
BRDA:1,408,1,0
BRDA:1,409,0,0
BRDA:1,409,1,0
BRDA:1,409,2,0
BRDA:1,410,0,0
BRDA:1,410,1,0
BRDA:1,411,0,0
BRDA:1,411,1,0
BRDA:1,412,0,0
BRDA:1,412,1,0
BRDA:1,413,0,0
BRDA:1,413,1,0
BRDA:1,414,0,0
BRDA:1,414,1,0
BRDA:1,415,0,0
BRDA:1,415,1,0
BRDA:1,416,0,0
BRDA:1,416,1,0
BRDA:1,417,0,0
BRDA:1,417,1,0
BRDA:1,418,0,0
BRDA:1,418,1,0
BRDA:1,419,0,0
BRDA:1,419,1,0
BRDA:1,420,0,0
BRDA:1,420,1,0
BRDA:1,421,0,0
BRDA:1,421,1,0
BRDA:1,421,2,0
BRDA:1,422,0,0
BRDA:1,422,1,0
BRDA:1,423,0,0
BRDA:1,423,1,0
BRDA:1,423,2,0
BRDA:1,424,0,0
BRDA:1,424,1,0
BRDA:1,425,0,0
BRDA:1,425,1,0
BRDA:1,425,2,0
BRDA:1,426,0,0
BRDA:1,426,1,0
BRDA:1,427,0,0
BRDA:1,427,1,0
BRDA:1,428,0,0
BRDA:1,428,1,0
BRDA:1,429,0,0
BRDA:1,429,1,0
BRDA:1,430,0,0
BRDA:1,430,1,0
BRDA:1,431,0,0
BRDA:1,431,1,0
BRDA:1,432,0,0
BRDA:1,432,1,0
BRDA:1,433,0,0
BRDA:1,433,1,0
BRDA:1,434,0,0
BRDA:1,434,1,0
BRDA:1,435,0,0
BRDA:1,435,1,0
BRDA:1,436,0,0
BRDA:1,436,1,0
BRDA:1,437,0,0
BRDA:1,437,1,0
BRDA:1,438,0,0
BRDA:1,438,1,0
BRDA:1,439,0,0
BRDA:1,439,1,0
BRDA:1,440,0,0
BRDA:1,440,1,0
BRDA:1,441,0,0
BRDA:1,441,1,0
BRDA:1,442,0,0
BRDA:1,442,1,0
BRDA:1,443,0,0
BRDA:1,443,1,0
BRDA:1,443,2,0
BRDA:1,443,3,0
BRDA:1,443,4,0
BRDA:1,443,5,0
BRDA:1,444,0,0
BRDA:1,444,1,0
BRDA:1,445,0,0
BRDA:1,445,1,0
BRDA:1,445,2,0
BRDA:1,445,3,0
BRDA:1,446,0,0
BRDA:1,446,1,0
BRDA:1,447,0,0
BRDA:1,447,1,0
BRDA:1,448,0,0
BRDA:1,448,1,0
BRDA:1,449,0,0
BRDA:1,449,1,0
BRDA:1,450,0,0
BRDA:1,450,1,0
BRDA:1,451,0,0
BRDA:1,451,1,0
BRDA:1,452,0,0
BRDA:1,452,1,0
BRDA:1,453,0,0
BRDA:1,453,1,0
BRDA:1,454,0,0
BRDA:1,454,1,0
BRDA:1,455,0,0
BRDA:1,455,1,0
BRDA:1,456,0,0
BRDA:1,456,1,0
BRDA:1,457,0,0
BRDA:1,457,1,0
BRDA:1,458,0,0
BRDA:1,458,1,0
BRDA:1,459,0,0
BRDA:1,459,1,0
BRDA:1,460,0,0
BRDA:1,460,1,0
BRDA:1,461,0,0
BRDA:1,461,1,0
BRDA:1,462,0,0
BRDA:1,462,1,0
BRDA:1,462,2,0
BRDA:1,463,0,0
BRDA:1,463,1,0
BRDA:1,464,0,0
BRDA:1,464,1,0
BRDA:1,465,0,0
BRDA:1,465,1,0
BRDA:1,466,0,0
BRDA:1,466,1,0
BRDA:1,466,2,0
BRDA:1,466,3,0
BRDA:1,467,0,0
BRDA:1,467,1,0
BRDA:1,468,0,0
BRDA:1,468,1,0
BRDA:1,469,0,0
BRDA:1,469,1,0
BRDA:1,470,0,0
BRDA:1,470,1,0
BRDA:1,471,0,0
BRDA:1,471,1,0
BRDA:1,472,0,0
BRDA:1,472,1,0
BRDA:1,473,0,0
BRDA:1,473,1,0
BRDA:1,474,0,0
BRDA:1,474,1,0
BRDA:1,475,0,0
BRDA:1,475,1,0
BRDA:1,476,0,0
BRDA:1,476,1,0
BRDA:1,477,0,0
BRDA:1,477,1,0
BRDA:1,478,0,0
BRDA:1,478,1,0
BRDA:1,478,2,0
BRDA:1,479,0,0
BRDA:1,479,1,0
BRDA:1,479,2,0
BRDA:1,479,3,0
BRDA:1,479,4,0
BRDA:1,480,0,0
BRDA:1,480,1,0
BRDA:1,481,0,0
BRDA:1,481,1,0
BRDA:1,482,0,0
BRDA:1,482,1,0
BRDA:1,482,2,0
BRDA:1,483,0,0
BRDA:1,483,1,0
BRDA:1,483,2,0
BRDA:1,483,3,0
BRDA:1,483,4,0
BRDA:1,484,0,0
BRDA:1,484,1,0
BRDA:1,485,0,0
BRDA:1,485,1,0
BRDA:1,486,0,0
BRDA:1,486,1,0
BRDA:1,487,0,0
BRDA:1,487,1,0
BRDA:1,488,0,0
BRDA:1,488,1,0
BRDA:1,489,0,0
BRDA:1,489,1,0
BRDA:1,490,0,0
BRDA:1,490,1,0
BRDA:1,491,0,0
BRDA:1,491,1,0
BRDA:1,492,0,0
BRDA:1,492,1,0
BRDA:1,493,0,0
BRDA:1,493,1,0
BRDA:1,494,0,0
BRDA:1,494,1,0
BRDA:1,495,0,0
BRDA:1,495,1,0
BRDA:1,495,2,0
BRDA:1,496,0,0
BRDA:1,496,1,0
BRDA:1,497,0,0
BRDA:1,497,1,0
BRDA:1,498,0,0
BRDA:1,498,1,0
BRDA:1,499,0,0
BRDA:1,499,1,0
BRDA:1,500,0,0
BRDA:1,500,1,0
BRDA:1,501,0,0
BRDA:1,501,1,0
BRDA:1,502,0,0
BRDA:1,502,1,0
BRDA:1,503,0,0
BRDA:1,503,1,0
BRDA:1,504,0,0
BRDA:1,504,1,0
BRDA:1,505,0,0
BRDA:1,505,1,0
BRDA:1,505,2,0
BRDA:1,506,0,0
BRDA:1,506,1,0
BRDA:1,507,0,0
BRDA:1,507,1,0
BRDA:1,508,0,0
BRDA:1,508,1,0
BRDA:1,509,0,0
BRDA:1,509,1,0
BRDA:1,510,0,0
BRDA:1,510,1,0
BRDA:1,511,0,0
BRDA:1,511,1,0
BRDA:1,512,0,0
BRDA:1,512,1,0
BRDA:1,513,0,0
BRDA:1,513,1,0
BRDA:1,514,0,0
BRDA:1,514,1,0
BRDA:1,514,2,0
BRDA:1,514,3,0
BRDA:1,514,4,0
BRDA:1,515,0,0
BRDA:1,515,1,0
BRDA:1,516,0,0
BRDA:1,516,1,0
BRDA:1,516,2,0
BRDA:1,517,0,0
BRDA:1,517,1,0
BRDA:1,518,0,0
BRDA:1,518,1,0
BRDA:1,518,2,0
BRDA:1,519,0,0
BRDA:1,519,1,0
BRDA:1,520,0,0
BRDA:1,520,1,0
BRDA:1,520,2,0
BRDA:1,520,3,0
BRDA:1,521,0,0
BRDA:1,521,1,0
BRDA:1,521,2,0
BRDA:1,521,3,0
BRDA:1,521,4,0
BRDA:1,522,0,0
BRDA:1,522,1,0
BRDA:1,523,0,0
BRDA:1,523,1,0
BRDA:1,524,0,0
BRDA:1,524,1,0
BRDA:1,525,0,0
BRDA:1,525,1,0
BRDA:1,525,2,0
BRDA:1,526,0,0
BRDA:1,526,1,0
BRDA:1,526,2,0
BRDA:1,527,0,0
BRDA:1,527,1,0
BRDA:1,528,0,0
BRDA:1,528,1,0
BRDA:1,529,0,0
BRDA:1,529,1,0
BRDA:1,530,0,0
BRDA:1,530,1,0
BRDA:1,531,0,0
BRDA:1,531,1,0
BRDA:1,532,0,0
BRDA:1,532,1,0
BRDA:1,532,2,0
BRDA:1,533,0,0
BRDA:1,533,1,0
BRDA:1,534,0,0
BRDA:1,534,1,0
BRDA:1,535,0,0
BRDA:1,535,1,0
BRDA:1,536,0,0
BRDA:1,536,1,0
BRDA:1,537,0,0
BRDA:1,537,1,0
BRDA:1,538,0,0
BRDA:1,538,1,0
BRDA:1,539,0,0
BRDA:1,539,1,0
BRDA:1,540,0,0
BRDA:1,540,1,0
BRDA:1,541,0,0
BRDA:1,541,1,0
BRDA:1,542,0,0
BRDA:1,542,1,0
BRDA:1,542,2,0
BRDA:1,542,3,0
BRDA:1,543,0,0
BRDA:1,543,1,0
BRDA:1,543,2,0
BRDA:1,544,0,0
BRDA:1,544,1,0
BRDA:1,544,2,0
BRDA:1,544,3,0
BRDA:1,545,0,0
BRDA:1,545,1,0
BRDA:1,546,0,0
BRDA:1,546,1,0
BRDA:1,547,0,0
BRDA:1,547,1,0
BRDA:1,547,2,0
BRDA:1,548,0,0
BRDA:1,548,1,0
BRDA:1,548,2,0
BRDA:1,548,3,0
BRDA:1,549,0,0
BRDA:1,549,1,0
BRDA:1,550,0,0
BRDA:1,550,1,0
BRDA:1,551,0,0
BRDA:1,551,1,0
BRDA:1,552,0,0
BRDA:1,552,1,0
BRDA:1,553,0,0
BRDA:1,553,1,0
BRDA:1,553,2,0
BRDA:1,554,0,0
BRDA:1,554,1,0
BRDA:1,555,0,0
BRDA:1,555,1,0
BRDA:1,556,0,0
BRDA:1,556,1,0
BRDA:1,556,2,0
BRDA:1,557,0,0
BRDA:1,557,1,0
BRDA:1,558,0,0
BRDA:1,558,1,0
BRDA:1,559,0,0
BRDA:1,559,1,0
BRDA:1,560,0,0
BRDA:1,560,1,0
BRDA:1,560,2,0
BRDA:1,560,3,0
BRDA:1,561,0,0
BRDA:1,561,1,0
BRDA:1,562,0,0
BRDA:1,562,1,0
BRDA:1,563,0,0
BRDA:1,563,1,0
BRDA:1,564,0,0
BRDA:1,564,1,0
BRDA:1,565,0,0
BRDA:1,565,1,0
BRDA:1,566,0,0
BRDA:1,566,1,0
BRDA:1,567,0,0
BRDA:1,567,1,0
BRDA:1,568,0,0
BRDA:1,568,1,0
BRDA:1,569,0,0
BRDA:1,569,1,0
BRDA:1,570,0,0
BRDA:1,570,1,0
BRDA:1,571,0,0
BRDA:1,571,1,0
BRDA:1,572,0,0
BRDA:1,572,1,0
BRDA:1,573,0,0
BRDA:1,573,1,0
BRDA:1,573,2,0
BRDA:1,573,3,0
BRDA:1,573,4,0
BRDA:1,573,5,0
BRDA:1,574,0,0
BRDA:1,574,1,0
BRDA:1,575,0,0
BRDA:1,575,1,0
BRDA:1,576,0,0
BRDA:1,576,1,0
BRDA:1,577,0,0
BRDA:1,577,1,0
BRDA:1,578,0,0
BRDA:1,578,1,0
BRDA:1,579,0,0
BRDA:1,579,1,0
BRDA:1,580,0,0
BRDA:1,580,1,0
BRDA:1,581,0,0
BRDA:1,581,1,0
BRDA:1,581,2,0
BRDA:1,582,0,0
BRDA:1,582,1,0
BRDA:1,583,0,0
BRDA:1,583,1,0
BRDA:1,584,0,0
BRDA:1,584,1,0
BRDA:1,585,0,0
BRDA:1,585,1,0
BRDA:1,585,2,0
BRDA:1,586,0,0
BRDA:1,586,1,0
BRDA:1,587,0,0
BRDA:1,587,1,0
BRDA:1,588,0,0
BRDA:1,588,1,0
BRDA:1,589,0,0
BRDA:1,589,1,0
BRDA:1,589,2,0
BRDA:1,590,0,0
BRDA:1,590,1,0
BRDA:1,591,0,0
BRDA:1,591,1,0
BRDA:1,592,0,0
BRDA:1,592,1,0
BRDA:1,593,0,0
BRDA:1,593,1,0
BRDA:1,594,0,0
BRDA:1,594,1,0
BRDA:1,595,0,0
BRDA:1,595,1,0
BRDA:1,596,0,0
BRDA:1,596,1,0
BRDA:1,597,0,0
BRDA:1,597,1,0
BRDA:1,598,0,0
BRDA:1,598,1,0
BRDA:1,599,0,0
BRDA:1,599,1,0
BRDA:1,600,0,0
BRDA:1,600,1,0
BRDA:1,601,0,0
BRDA:1,601,1,0
BRDA:1,602,0,0
BRDA:1,602,1,0
BRDA:2,603,0,0
BRDA:2,603,1,0
BRDA:2,604,0,0
BRDA:2,604,1,0
BRDA:2,605,0,0
BRDA:2,605,1,0
BRDA:2,606,0,0
BRDA:2,606,1,0
BRDA:2,607,0,0
BRDA:2,607,1,0
BRDA:2,608,0,0
BRDA:2,608,1,0
BRDA:2,609,0,0
BRDA:2,609,1,0
BRDA:2,610,0,0
BRDA:2,610,1,0
BRDA:2,611,0,0
BRDA:2,611,1,0
BRDA:2,612,0,0
BRDA:2,612,1,0
BRDA:2,613,0,0
BRDA:2,613,1,0
BRDA:2,613,2,0
BRDA:2,614,0,0
BRDA:2,614,1,0
BRDA:2,615,0,0
BRDA:2,615,1,0
BRDA:2,615,2,0
BRDA:2,616,0,0
BRDA:2,616,1,0
BRDA:2,617,0,0
BRDA:2,617,1,0
BRDA:2,618,0,0
BRDA:2,618,1,0
BRDA:2,619,0,0
BRDA:2,619,1,0
BRDA:2,620,0,0
BRDA:2,620,1,0
BRDA:2,621,0,0
BRDA:2,621,1,0
BRDA:2,622,0,0
BRDA:2,622,1,0
BRDA:2,623,0,0
BRDA:2,623,1,0
BRDA:2,624,0,0
BRDA:2,624,1,0
BRDA:2,625,0,0
BRDA:2,625,1,0
BRDA:2,626,0,0
BRDA:2,626,1,0
BRDA:2,627,0,0
BRDA:2,627,1,0
BRDA:2,627,2,0
BRDA:2,628,0,0
BRDA:2,628,1,0
BRDA:2,629,0,0
BRDA:2,629,1,0
BRDA:2,630,0,0
BRDA:2,630,1,0
BRDA:2,631,0,0
BRDA:2,631,1,0
BRDA:2,632,0,0
BRDA:2,632,1,0
BRDA:2,633,0,0
BRDA:2,633,1,0
BRDA:2,634,0,0
BRDA:2,634,1,0
BRDA:2,635,0,0
BRDA:2,635,1,0
BRDA:2,636,0,0
BRDA:2,636,1,0
BRDA:2,636,2,0
BRDA:2,637,0,0
BRDA:2,637,1,0
BRDA:2,638,0,0
BRDA:2,638,1,0
BRDA:2,639,0,0
BRDA:2,639,1,0
BRDA:2,640,0,0
BRDA:2,640,1,0
BRDA:2,641,0,0
BRDA:2,641,1,0
BRDA:2,642,0,0
BRDA:2,642,1,0
BRDA:2,643,0,0
BRDA:2,643,1,0
BRDA:2,644,0,0
BRDA:2,644,1,0
BRDA:2,645,0,0
BRDA:2,645,1,0
BRDA:2,646,0,0
BRDA:2,646,1,0
BRDA:2,647,0,0
BRDA:2,647,1,0
BRDA:2,648,0,0
BRDA:2,648,1,0
BRDA:2,649,0,0
BRDA:2,649,1,0
BRDA:2,650,0,0
BRDA:2,650,1,0
BRDA:2,651,0,0
BRDA:2,651,1,0
BRDA:2,652,0,0
BRDA:2,652,1,0
BRDA:2,653,0,0
BRDA:2,653,1,0
BRDA:2,654,0,0
BRDA:2,654,1,0
BRDA:2,655,0,0
BRDA:2,655,1,0
BRDA:2,656,0,0
BRDA:2,656,1,0
BRDA:2,657,0,0
BRDA:2,657,1,0
BRDA:2,658,0,0
BRDA:2,658,1,0
BRDA:2,658,2,0
BRDA:2,659,0,0
BRDA:2,659,1,0
BRDA:2,660,0,0
BRDA:2,660,1,0
BRDA:2,661,0,0
BRDA:2,661,1,0
BRDA:2,662,0,0
BRDA:2,662,1,0
BRDA:2,663,0,0
BRDA:2,663,1,0
BRDA:2,664,0,0
BRDA:2,664,1,0
BRDA:2,665,0,0
BRDA:2,665,1,0
BRDA:2,666,0,0
BRDA:2,666,1,0
BRDA:2,667,0,0
BRDA:2,667,1,0
BRDA:2,668,0,0
BRDA:2,668,1,0
BRDA:2,669,0,0
BRDA:2,669,1,0
BRDA:2,670,0,0
BRDA:2,670,1,0
BRDA:2,671,0,0
BRDA:2,671,1,0
BRDA:2,672,0,0
BRDA:2,672,1,0
BRDA:2,673,0,0
BRDA:2,673,1,0
BRDA:2,674,0,0
BRDA:2,674,1,0
BRDA:2,675,0,0
BRDA:2,675,1,0
BRDA:2,676,0,0
BRDA:2,676,1,0
BRDA:2,676,2,0
BRDA:2,677,0,0
BRDA:2,677,1,0
BRDA:2,677,2,0
BRDA:2,677,3,0
BRDA:2,678,0,0
BRDA:2,678,1,0
BRDA:2,679,0,0
BRDA:2,679,1,0
BRDA:2,680,0,0
BRDA:2,680,1,0
BRDA:2,681,0,0
BRDA:2,681,1,0
BRDA:2,682,0,0
BRDA:2,682,1,0
BRDA:2,683,0,0
BRDA:2,683,1,0
BRDA:2,684,0,0
BRDA:2,684,1,0
BRDA:2,685,0,0
BRDA:2,685,1,0
BRDA:2,686,0,0
BRDA:2,686,1,0
BRDA:2,687,0,0
BRDA:2,687,1,0
BRDA:2,687,2,0
BRDA:2,687,3,0
BRDA:2,688,0,0
BRDA:2,688,1,0
BRDA:2,689,0,0
BRDA:2,689,1,0
BRDA:2,690,0,0
BRDA:2,690,1,0
BRDA:2,691,0,0
BRDA:2,691,1,0
BRDA:2,692,0,0
BRDA:2,692,1,0
BRDA:2,693,0,0
BRDA:2,693,1,0
BRDA:2,694,0,0
BRDA:2,694,1,0
BRDA:2,695,0,0
BRDA:2,695,1,0
BRDA:2,696,0,0
BRDA:2,696,1,0
BRDA:2,697,0,0
BRDA:2,697,1,0
BRDA:2,698,0,0
BRDA:2,698,1,0
BRDA:2,699,0,0
BRDA:2,699,1,0
BRDA:2,700,0,0
BRDA:2,700,1,0
BRDA:2,701,0,0
BRDA:2,701,1,0
BRDA:2,702,0,0
BRDA:2,702,1,0
BRDA:2,702,2,0
BRDA:2,703,0,0
BRDA:2,703,1,0
BRDA:2,704,0,0
BRDA:2,704,1,0
BRDA:2,705,0,0
BRDA:2,705,1,0
BRDA:2,706,0,0
BRDA:2,706,1,0
BRDA:2,707,0,0
BRDA:2,707,1,0
BRDA:2,708,0,0
BRDA:2,708,1,0
BRDA:2,709,0,0
BRDA:2,709,1,0
BRDA:2,710,0,0
BRDA:2,710,1,0
BRDA:2,711,0,0
BRDA:2,711,1,0
BRDA:2,712,0,0
BRDA:2,712,1,0
BRDA:2,713,0,0
BRDA:2,713,1,0
BRDA:2,714,0,0
BRDA:2,714,1,0
BRDA:2,714,2,0
BRDA:2,715,0,0
BRDA:2,715,1,0
BRDA:2,716,0,0
BRDA:2,716,1,0
BRDA:2,717,0,0
BRDA:2,717,1,0
BRDA:2,718,0,0
BRDA:2,718,1,0
BRDA:2,719,0,0
BRDA:2,719,1,0
BRDA:2,720,0,0
BRDA:2,720,1,0
BRDA:2,721,0,0
BRDA:2,721,1,0
BRDA:2,722,0,0
BRDA:2,722,1,0
BRDA:2,723,0,0
BRDA:2,723,1,0
BRDA:2,724,0,0
BRDA:2,724,1,0
BRDA:2,725,0,0
BRDA:2,725,1,0
BRDA:2,726,0,0
BRDA:2,726,1,0
BRDA:2,727,0,0
BRDA:2,727,1,0
BRDA:2,728,0,0
BRDA:2,728,1,0
BRDA:2,728,2,0
BRDA:2,729,0,0
BRDA:2,729,1,0
BRDA:2,730,0,0
BRDA:2,730,1,0
BRDA:2,731,0,0
BRDA:2,731,1,0
BRDA:2,732,0,0
BRDA:2,732,1,0
BRDA:2,733,0,0
BRDA:2,733,1,0
BRDA:2,734,0,0
BRDA:2,734,1,0
BRDA:2,735,0,0
BRDA:2,735,1,0
BRDA:2,736,0,0
BRDA:2,736,1,0
BRDA:2,736,2,0
BRDA:2,736,3,0
BRDA:2,737,0,0
BRDA:2,737,1,0
BRDA:2,738,0,0
BRDA:2,738,1,0
BRDA:2,739,0,0
BRDA:2,739,1,0
BRDA:2,740,0,0
BRDA:2,740,1,0
BRDA:2,741,0,0
BRDA:2,741,1,0
BRDA:2,742,0,0
BRDA:2,742,1,0
BRDA:2,743,0,0
BRDA:2,743,1,0
BRDA:2,744,0,0
BRDA:2,744,1,0
BRDA:2,745,0,0
BRDA:2,745,1,0
BRDA:2,746,0,0
BRDA:2,746,1,0
BRDA:2,747,0,0
BRDA:2,747,1,0
BRDA:2,748,0,0
BRDA:2,748,1,0
BRDA:2,749,0,0
BRDA:2,749,1,0
BRDA:2,750,0,0
BRDA:2,750,1,0
BRDA:2,751,0,0
BRDA:2,751,1,0
BRDA:2,752,0,0
BRDA:2,752,1,0
BRDA:2,753,0,0
BRDA:2,753,1,0
BRDA:2,754,0,0
BRDA:2,754,1,0
BRDA:2,755,0,0
BRDA:2,755,1,0
BRDA:2,756,0,0
BRDA:2,756,1,0
BRDA:2,757,0,0
BRDA:2,757,1,0
BRDA:2,758,0,0
BRDA:2,758,1,0
BRDA:2,759,0,0
BRDA:2,759,1,0
BRDA:2,760,0,0
BRDA:2,760,1,0
BRDA:2,760,2,0
BRDA:2,761,0,0
BRDA:2,761,1,0
BRDA:2,762,0,0
BRDA:2,762,1,0
BRDA:2,763,0,0
BRDA:2,763,1,0
BRDA:2,764,0,0
BRDA:2,764,1,0
BRDA:2,765,0,0
BRDA:2,765,1,0
BRDA:2,766,0,0
BRDA:2,766,1,0
BRDA:2,767,0,0
BRDA:2,767,1,0
BRDA:2,768,0,0
BRDA:2,768,1,0
BRDA:2,769,0,0
BRDA:2,769,1,0
BRDA:2,770,0,0
BRDA:2,770,1,0
BRDA:2,771,0,0
BRDA:2,771,1,0
BRDA:2,771,2,0
BRDA:2,772,0,0
BRDA:2,772,1,0
BRDA:2,773,0,0
BRDA:2,773,1,0
BRDA:2,774,0,0
BRDA:2,774,1,0
BRDA:2,775,0,0
BRDA:2,775,1,0
BRDA:2,776,0,0
BRDA:2,776,1,0
BRDA:2,776,2,0
BRDA:2,777,0,0
BRDA:2,777,1,0
BRDA:2,778,0,0
BRDA:2,778,1,0
BRDA:2,779,0,0
BRDA:2,779,1,0
BRDA:2,780,0,0
BRDA:2,780,1,0
BRDA:2,781,0,0
BRDA:2,781,1,0
BRDA:2,781,2,0
BRDA:2,782,0,0
BRDA:2,782,1,0
BRDA:2,783,0,0
BRDA:2,783,1,0
BRDA:2,784,0,0
BRDA:2,784,1,0
BRDA:2,785,0,0
BRDA:2,785,1,0
BRDA:2,786,0,0
BRDA:2,786,1,0
BRDA:2,787,0,0
BRDA:2,787,1,0
BRDA:2,788,0,0
BRDA:2,788,1,0
BRDA:2,789,0,0
BRDA:2,789,1,0
BRDA:2,790,0,0
BRDA:2,790,1,0
BRDA:2,791,0,0
BRDA:2,791,1,0
BRDA:2,792,0,0
BRDA:2,792,1,0
BRDA:2,793,0,0
BRDA:2,793,1,0
BRDA:2,794,0,0
BRDA:2,794,1,0
BRDA:2,795,0,0
BRDA:2,795,1,0
BRDA:2,796,0,0
BRDA:2,796,1,0
BRDA:2,797,0,0
BRDA:2,797,1,0
BRDA:2,798,0,0
BRDA:2,798,1,0
BRDA:2,799,0,0
BRDA:2,799,1,0
BRDA:2,800,0,0
BRDA:2,800,1,0
BRDA:2,801,0,0
BRDA:2,801,1,0
BRDA:2,802,0,0
BRDA:2,802,1,0
BRDA:2,802,2,0
BRDA:2,802,3,0
BRDA:2,803,0,0
BRDA:2,803,1,0
BRDA:2,804,0,0
BRDA:2,804,1,0
BRDA:2,805,0,0
BRDA:2,805,1,0
BRDA:2,806,0,0
BRDA:2,806,1,0
BRDA:2,807,0,0
BRDA:2,807,1,0
BRDA:2,808,0,0
BRDA:2,808,1,0
BRDA:2,809,0,0
BRDA:2,809,1,0
BRDA:2,810,0,0
BRDA:2,810,1,0
BRDA:2,811,0,0
BRDA:2,811,1,0
BRDA:2,812,0,0
BRDA:2,812,1,0
BRDA:2,813,0,0
BRDA:2,813,1,0
BRDA:2,814,0,0
BRDA:2,814,1,0
BRDA:2,815,0,0
BRDA:2,815,1,0
BRDA:2,816,0,0
BRDA:2,816,1,0
BRDA:2,817,0,0
BRDA:2,817,1,0
BRDA:2,818,0,0
BRDA:2,818,1,0
BRDA:2,819,0,0
BRDA:2,819,1,0
BRDA:2,819,2,0
BRDA:2,819,3,0
BRDA:2,819,4,0
BRDA:2,819,5,0
BRDA:2,819,6,0
BRDA:2,819,7,0
BRDA:2,819,8,0
BRDA:2,819,9,0
BRDA:2,819,10,0
BRDA:2,820,0,0
BRDA:2,820,1,0
BRDA:2,821,0,0
BRDA:2,821,1,0
BRDA:2,822,0,0
BRDA:2,822,1,0
BRDA:2,822,2,0
BRDA:2,823,0,0
BRDA:2,823,1,0
BRDA:2,823,2,0
BRDA:2,824,0,0
BRDA:2,824,1,0
BRDA:2,825,0,0
BRDA:2,825,1,0
BRDA:2,826,0,0
BRDA:2,826,1,0
BRDA:2,827,0,0
BRDA:2,827,1,0
BRDA:2,828,0,0
BRDA:2,828,1,0
BRDA:2,829,0,0
BRDA:2,829,1,0
BRDA:2,830,0,0
BRDA:2,830,1,0
BRDA:2,830,2,0
BRDA:2,830,3,0
BRDA:2,831,0,0
BRDA:2,831,1,0
BRDA:2,832,0,0
BRDA:2,832,1,0
BRDA:2,833,0,0
BRDA:2,833,1,0
BRDA:2,834,0,0
BRDA:2,834,1,0
BRDA:2,835,0,0
BRDA:2,835,1,0
BRDA:2,836,0,0
BRDA:2,836,1,0
BRDA:2,837,0,0
BRDA:2,837,1,0
BRDA:2,838,0,0
BRDA:2,838,1,0
BRDA:2,839,0,0
BRDA:2,839,1,0
BRDA:2,840,0,0
BRDA:2,840,1,0
BRDA:2,840,2,0
BRDA:2,841,0,0
BRDA:2,841,1,0
BRDA:2,842,0,0
BRDA:2,842,1,0
BRDA:2,842,2,0
BRDA:2,843,0,0
BRDA:2,843,1,0
BRDA:2,844,0,0
BRDA:2,844,1,0
BRDA:2,845,0,0
BRDA:2,845,1,0
BRDA:2,846,0,0
BRDA:2,846,1,0
BRDA:2,847,0,0
BRDA:2,847,1,0
BRDA:2,847,2,0
BRDA:2,848,0,0
BRDA:2,848,1,0
BRDA:2,849,0,0
BRDA:2,849,1,0
BRDA:2,850,0,0
BRDA:2,850,1,0
BRDA:2,851,0,0
BRDA:2,851,1,0
BRDA:2,852,0,0
BRDA:2,852,1,0
BRDA:2,853,0,0
BRDA:2,853,1,0
BRDA:2,854,0,0
BRDA:2,854,1,0
BRDA:2,854,2,0
BRDA:2,854,3,0
BRDA:2,855,0,0
BRDA:2,855,1,0
BRDA:2,856,0,0
BRDA:2,856,1,0
BRDA:2,857,0,0
BRDA:2,857,1,0
BRDA:2,857,2,0
BRDA:2,857,3,0
BRDA:2,857,4,0
BRDA:2,857,5,0
BRDA:2,857,6,0
BRDA:2,857,7,0
BRDA:2,857,8,0
BRDA:2,858,0,0
BRDA:2,858,1,0
BRDA:2,859,0,0
BRDA:2,859,1,0
BRDA:2,860,0,0
BRDA:2,860,1,0
BRDA:2,861,0,0
BRDA:2,861,1,0
BRDA:2,862,0,0
BRDA:2,862,1,0
BRDA:2,863,0,0
BRDA:2,863,1,0
BRDA:2,864,0,0
BRDA:2,864,1,0
BRDA:2,865,0,0
BRDA:2,865,1,0
BRDA:2,866,0,0
BRDA:2,866,1,0
BRDA:2,867,0,0
BRDA:2,867,1,0
BRDA:2,867,2,0
BRDA:2,868,0,0
BRDA:2,868,1,0
BRDA:2,868,2,0
BRDA:2,869,0,0
BRDA:2,869,1,0
BRDA:2,870,0,0
BRDA:2,870,1,0
BRDA:2,871,0,0
BRDA:2,871,1,0
BRDA:2,872,0,0
BRDA:2,872,1,0
BRDA:2,873,0,0
BRDA:2,873,1,0
BRDA:2,873,2,0
BRDA:2,873,3,0
BRDA:2,874,0,0
BRDA:2,874,1,0
BRDA:2,875,0,0
BRDA:2,875,1,0
BRDA:2,876,0,0
BRDA:2,876,1,0
BRDA:2,877,0,0
BRDA:2,877,1,0
BRDA:2,878,0,0
BRDA:2,878,1,0
BRDA:2,879,0,0
BRDA:2,879,1,0
BRDA:2,880,0,0
BRDA:2,880,1,0
BRDA:2,881,0,0
BRDA:2,881,1,0
BRDA:2,882,0,0
BRDA:2,882,1,0
BRDA:2,883,0,0
BRDA:2,883,1,0
BRDA:2,884,0,0
BRDA:2,884,1,0
BRDA:2,884,2,0
BRDA:2,885,0,0
BRDA:2,885,1,0
BRDA:2,886,0,0
BRDA:2,886,1,0
BRDA:2,886,2,0
BRDA:2,886,3,0
BRDA:2,886,4,0
BRDA:2,887,0,0
BRDA:2,887,1,0
BRDA:2,887,2,0
BRDA:2,887,3,0
BRDA:2,887,4,0
BRDA:2,888,0,0
BRDA:2,888,1,0
BRDA:2,888,2,0
BRDA:2,888,3,0
BRDA:2,888,4,0
BRDA:2,889,0,0
BRDA:2,889,1,0
BRDA:2,889,2,0
BRDA:2,889,3,0
BRDA:2,889,4,0
BRDA:2,890,0,0
BRDA:2,890,1,0
BRDA:2,890,2,0
BRDA:2,891,0,0
BRDA:2,891,1,0
BRDA:2,892,0,0
BRDA:2,892,1,0
BRDA:2,893,0,0
BRDA:2,893,1,0
BRDA:2,894,0,0
BRDA:2,894,1,0
BRDA:2,895,0,0
BRDA:2,895,1,0
BRDA:2,896,0,0
BRDA:2,896,1,0
BRDA:2,897,0,0
BRDA:2,897,1,0
BRDA:2,898,0,0
BRDA:2,898,1,0
BRDA:2,899,0,0
BRDA:2,899,1,0
BRDA:2,900,0,0
BRDA:2,900,1,0
BRDA:2,901,0,0
BRDA:2,901,1,0
BRDA:2,902,0,0
BRDA:2,902,1,0
BRDA:2,903,0,0
BRDA:2,903,1,0
BRDA:2,904,0,0
BRDA:2,904,1,0
BRDA:2,905,0,0
BRDA:2,905,1,0
BRDA:2,906,0,0
BRDA:2,906,1,0
BRDA:2,907,0,0
BRDA:2,907,1,0
BRDA:2,907,2,0
BRDA:2,908,0,0
BRDA:2,908,1,0
BRDA:2,908,2,0
BRDA:2,909,0,0
BRDA:2,909,1,0
BRDA:2,910,0,0
BRDA:2,910,1,0
BRDA:2,911,0,0
BRDA:2,911,1,0
BRDA:2,912,0,0
BRDA:2,912,1,0
BRDA:2,913,0,0
BRDA:2,913,1,0
BRDA:2,914,0,0
BRDA:2,914,1,0
BRDA:2,915,0,0
BRDA:2,915,1,0
BRDA:2,916,0,0
BRDA:2,916,1,0
BRDA:2,916,2,0
BRDA:2,917,0,0
BRDA:2,917,1,0
BRDA:2,918,0,0
BRDA:2,918,1,0
BRDA:2,918,2,0
BRDA:2,919,0,0
BRDA:2,919,1,0
BRDA:2,919,2,0
BRDA:2,920,0,0
BRDA:2,920,1,0
BRDA:2,920,2,0
BRDA:2,921,0,0
BRDA:2,921,1,0
BRDA:2,921,2,0
BRDA:2,922,0,0
BRDA:2,922,1,0
BRDA:2,922,2,0
BRDA:2,922,3,0
BRDA:2,923,0,0
BRDA:2,923,1,0
BRDA:2,924,0,0
BRDA:2,924,1,0
BRDA:2,925,0,0
BRDA:2,925,1,0
BRDA:2,926,0,0
BRDA:2,926,1,0
BRDA:2,927,0,0
BRDA:2,927,1,0
BRDA:2,928,0,0
BRDA:2,928,1,0
BRDA:2,929,0,0
BRDA:2,929,1,0
BRDA:2,930,0,0
BRDA:2,930,1,0
BRDA:2,931,0,0
BRDA:2,931,1,0
BRDA:2,932,0,0
BRDA:2,932,1,0
BRDA:2,933,0,0
BRDA:2,933,1,0
BRDA:2,934,0,0
BRDA:2,934,1,0
BRDA:2,935,0,0
BRDA:2,935,1,0
BRDA:2,936,0,0
BRDA:2,936,1,0
BRDA:2,937,0,0
BRDA:2,937,1,0
BRDA:2,938,0,0
BRDA:2,938,1,0
BRDA:2,939,0,0
BRDA:2,939,1,0
BRDA:2,940,0,0
BRDA:2,940,1,0
BRDA:2,941,0,0
BRDA:2,941,1,0
BRDA:2,941,2,0
BRDA:2,942,0,0
BRDA:2,942,1,0
BRDA:2,943,0,0
BRDA:2,943,1,0
BRDA:2,944,0,0
BRDA:2,944,1,0
BRDA:2,944,2,0
BRDA:2,945,0,0
BRDA:2,945,1,0
BRDA:2,946,0,0
BRDA:2,946,1,0
BRDA:2,947,0,0
BRDA:2,947,1,0
BRDA:2,948,0,0
BRDA:2,948,1,0
BRDA:2,948,2,0
BRDA:2,948,3,0
BRDA:2,949,0,0
BRDA:2,949,1,0
BRDA:2,950,0,0
BRDA:2,950,1,0
BRDA:2,951,0,0
BRDA:2,951,1,0
BRDA:2,952,0,0
BRDA:2,952,1,0
BRDA:2,953,0,0
BRDA:2,953,1,0
BRDA:2,954,0,0
BRDA:2,954,1,0
BRDA:2,955,0,0
BRDA:2,955,1,0
BRDA:2,956,0,0
BRDA:2,956,1,0
BRDA:2,957,0,0
BRDA:2,957,1,0
BRDA:2,958,0,0
BRDA:2,958,1,0
BRDA:2,959,0,0
BRDA:2,959,1,0
BRDA:2,960,0,0
BRDA:2,960,1,0
BRDA:2,961,0,0
BRDA:2,961,1,0
BRDA:2,962,0,0
BRDA:2,962,1,0
BRDA:2,963,0,0
BRDA:2,963,1,0
BRDA:2,964,0,0
BRDA:2,964,1,0
BRDA:2,964,2,0
BRDA:2,965,0,0
BRDA:2,965,1,0
BRDA:2,966,0,0
BRDA:2,966,1,0
BRDA:2,967,0,0
BRDA:2,967,1,0
BRDA:2,968,0,0
BRDA:2,968,1,0
BRDA:2,969,0,0
BRDA:2,969,1,0
BRDA:2,969,2,0
BRDA:2,970,0,0
BRDA:2,970,1,0
BRDA:2,971,0,0
BRDA:2,971,1,0
BRDA:2,972,0,0
BRDA:2,972,1,0
BRDA:2,973,0,0
BRDA:2,973,1,0
BRDA:2,974,0,0
BRDA:2,974,1,0
BRDA:2,974,2,0
BRDA:2,974,3,0
BRDA:2,975,0,0
BRDA:2,975,1,0
BRDA:2,976,0,0
BRDA:2,976,1,0
BRDA:2,976,2,0
BRDA:2,977,0,0
BRDA:2,977,1,0
BRDA:2,978,0,0
BRDA:2,978,1,0
BRDA:2,978,2,0
BRDA:2,979,0,0
BRDA:2,979,1,0
BRDA:2,980,0,0
BRDA:2,980,1,0
BRDA:2,981,0,0
BRDA:2,981,1,0
BRDA:2,982,0,0
BRDA:2,982,1,0
BRDA:2,982,2,0
BRDA:2,983,0,0
BRDA:2,983,1,0
BRDA:2,984,0,0
BRDA:2,984,1,0
BRDA:2,984,2,0
BRDA:2,985,0,0
BRDA:2,985,1,0
BRDA:2,986,0,0
BRDA:2,986,1,0
BRDA:2,987,0,0
BRDA:2,987,1,0
BRDA:2,988,0,0
BRDA:2,988,1,0
BRDA:2,989,0,0
BRDA:2,989,1,0
BRDA:2,990,0,0
BRDA:2,990,1,0
BRDA:2,991,0,0
BRDA:2,991,1,0
BRDA:2,992,0,0
BRDA:2,992,1,0
BRDA:2,992,2,0
BRDA:2,993,0,0
BRDA:2,993,1,0
BRDA:2,994,0,0
BRDA:2,994,1,0
BRDA:2,995,0,0
BRDA:2,995,1,0
BRDA:2,996,0,0
BRDA:2,996,1,0
BRDA:2,997,0,0
BRDA:2,997,1,0
BRDA:2,998,0,0
BRDA:2,998,1,0
BRDA:2,999,0,0
BRDA:2,999,1,0
BRDA:2,999,2,0
BRDA:2,1000,0,0
BRDA:2,1000,1,0
BRDA:2,1001,0,0
BRDA:2,1001,1,0
BRDA:2,1001,2,0
BRDA:2,1001,3,0
BRDA:2,1001,4,0
BRDA:2,1002,0,0
BRDA:2,1002,1,0
BRDA:2,1003,0,0
BRDA:2,1003,1,0
BRDA:2,1004,0,0
BRDA:2,1004,1,0
BRDA:2,1005,0,0
BRDA:2,1005,1,0
BRDA:2,1006,0,0
BRDA:2,1006,1,0
BRDA:2,1007,0,0
BRDA:2,1007,1,0
BRDA:2,1008,0,0
BRDA:2,1008,1,0
BRDA:2,1009,0,0
BRDA:2,1009,1,0
BRDA:2,1009,2,0
BRDA:2,1009,3,0
BRDA:2,1010,0,0
BRDA:2,1010,1,0
BRDA:2,1011,0,0
[...]
BRDA:3,1553,1,0
BRDA:3,1554,0,0
BRDA:3,1554,1,0
BRDA:3,1555,0,0
BRDA:3,1555,1,0
BRDA:3,1556,0,0
BRDA:3,1556,1,0
BRDA:3,1557,0,0
BRDA:3,1557,1,0
BRDA:3,1558,0,0
BRDA:3,1558,1,0
BRDA:3,1559,0,0
BRDA:3,1559,1,0
BRDA:3,1560,0,0
BRDA:3,1560,1,0
BRDA:3,1561,0,0
BRDA:3,1561,1,0
BRDA:3,1562,0,0
BRDA:3,1562,1,0
BRDA:3,1563,0,0
BRDA:3,1563,1,0
BRDA:3,1564,0,0
BRDA:3,1564,1,0
BRDA:3,1565,0,0
BRDA:3,1565,1,0
BRDA:3,1566,0,0
BRDA:3,1566,1,0
BRDA:3,1567,0,0
BRDA:3,1567,1,0
BRDA:3,1568,0,0
BRDA:3,1568,1,0
BRDA:3,1569,0,0
BRDA:3,1569,1,0
BRDA:3,1570,0,0
BRDA:3,1570,1,0
BRDA:3,1571,0,0
BRDA:3,1571,1,0
BRDA:3,1572,0,0
BRDA:3,1572,1,0
BRDA:3,1573,0,0
BRDA:3,1573,1,0
BRDA:3,1574,0,0
BRDA:3,1574,1,0
BRDA:3,1575,0,0
BRDA:3,1575,1,0
BRDA:3,1576,0,0
BRDA:3,1576,1,0
BRDA:3,1577,0,0
BRDA:3,1577,1,0
BRDA:3,1577,2,0
BRDA:3,1577,3,0
BRDA:3,1577,4,0
BRDA:3,1578,0,0
BRDA:3,1578,1,0
BRDA:3,1579,0,0
BRDA:3,1579,1,0
BRDA:3,1580,0,0
BRDA:3,1580,1,0
BRDA:3,1580,2,0
BRDA:3,1580,3,0
BRDA:3,1581,0,0
BRDA:3,1581,1,0
BRDA:3,1582,0,0
BRDA:3,1582,1,0
BRDA:3,1583,0,0
BRDA:3,1583,1,0
BRDA:3,1584,0,0
BRDA:3,1584,1,0
BRDA:3,1585,0,0
BRDA:3,1585,1,0
BRDA:3,1585,2,0
BRDA:3,1585,3,0
BRDA:3,1586,0,0
BRDA:3,1586,1,0
BRDA:3,1586,2,0
BRDA:3,1586,3,0
BRDA:3,1587,0,0
BRDA:3,1587,1,0
BRDA:3,1588,0,0
BRDA:3,1588,1,0
BRDA:3,1589,0,0
BRDA:3,1589,1,0
BRDA:3,1590,0,0
BRDA:3,1590,1,0
BRDA:3,1591,0,0
BRDA:3,1591,1,0
BRDA:3,1592,0,0
BRDA:3,1592,1,0
BRDA:3,1593,0,0
BRDA:3,1593,1,0
BRDA:3,1594,0,0
BRDA:3,1594,1,0
BRDA:3,1595,0,0
BRDA:3,1595,1,0
BRDA:3,1596,0,0
BRDA:3,1596,1,0
BRDA:3,1597,0,0
BRDA:3,1597,1,0
BRDA:3,1598,0,0
BRDA:3,1598,1,0
BRDA:3,1599,0,0
BRDA:3,1599,1,0
BRDA:3,1600,0,0
BRDA:3,1600,1,0
BRDA:3,1601,0,0
BRDA:3,1601,1,0
BRDA:3,1602,0,0
BRDA:3,1602,1,0
BRDA:3,1603,0,0
BRDA:3,1603,1,0
BRDA:3,1604,0,0
BRDA:3,1604,1,0
BRDA:3,1605,0,0
BRDA:3,1605,1,0
BRDA:3,1606,0,0
BRDA:3,1606,1,0
BRDA:3,1607,0,0
BRDA:3,1607,1,0
BRDA:3,1607,2,0
BRDA:3,1608,0,0
BRDA:3,1608,1,0
BRDA:3,1609,0,0
BRDA:3,1609,1,0
BRDA:3,1610,0,0
BRDA:3,1610,1,0
BRDA:3,1611,0,0
BRDA:3,1611,1,0
BRDA:4,1612,0,0
BRDA:4,1612,1,0
BRDA:4,1613,0,0
BRDA:4,1613,1,0
BRDA:4,1614,0,0
BRDA:4,1614,1,0
BRDA:4,1615,0,0
BRDA:4,1615,1,0
BRDA:4,1616,0,0
BRDA:4,1616,1,0
BRDA:4,1617,0,0
BRDA:4,1617,1,0
BRDA:4,1618,0,0
BRDA:4,1618,1,0
BRDA:4,1619,0,0
BRDA:4,1619,1,0
BRDA:4,1620,0,0
BRDA:4,1620,1,0
BRDA:4,1621,0,0
BRDA:4,1621,1,0
BRDA:4,1622,0,0
BRDA:4,1622,1,0
BRDA:4,1623,0,0
BRDA:4,1623,1,0
BRDA:4,1624,0,0
BRDA:4,1624,1,0
BRDA:4,1625,0,0
BRDA:4,1625,1,0
BRDA:4,1626,0,0
BRDA:4,1626,1,0
BRDA:4,1627,0,0
BRDA:4,1627,1,0
BRDA:4,1627,2,0
BRDA:4,1627,3,0
BRDA:4,1628,0,0
BRDA:4,1628,1,0
BRDA:4,1628,2,0
BRDA:4,1629,0,0
BRDA:4,1629,1,0
BRDA:4,1630,0,0
BRDA:4,1630,1,0
BRDA:4,1631,0,0
BRDA:4,1631,1,0
BRDA:4,1632,0,0
BRDA:4,1632,1,0
BRDA:4,1632,2,0
BRDA:4,1632,3,0
BRDA:4,1633,0,0
BRDA:4,1633,1,0
BRDA:4,1634,0,0
BRDA:4,1634,1,0
BRDA:4,1635,0,0
BRDA:4,1635,1,0
BRDA:4,1636,0,0
BRDA:4,1636,1,0
BRDA:4,1637,0,0
BRDA:4,1637,1,0
BRDA:4,1638,0,0
BRDA:4,1638,1,0
BRDA:4,1639,0,0
BRDA:4,1639,1,0
BRDA:4,1640,0,0
BRDA:4,1640,1,0
BRDA:4,1641,0,0
BRDA:4,1641,1,0
BRDA:4,1642,0,0
BRDA:4,1642,1,0
BRDA:4,1643,0,0
BRDA:4,1643,1,0
BRDA:4,1643,2,0
BRDA:4,1644,0,0
BRDA:4,1644,1,0
BRDA:4,1645,0,0
BRDA:4,1645,1,0
BRDA:4,1646,0,0
BRDA:4,1646,1,0
BRDA:4,1647,0,0
BRDA:4,1647,1,0
BRDA:4,1648,0,0
BRDA:4,1648,1,0
BRDA:4,1648,2,0
BRDA:4,1648,3,0
BRDA:4,1648,4,0
BRDA:4,1648,5,0
BRDA:4,1649,0,0
BRDA:4,1649,1,0
BRDA:4,1650,0,0
BRDA:4,1650,1,0
BRDA:4,1651,0,0
BRDA:4,1651,1,0
BRDA:4,1652,0,0
BRDA:4,1652,1,0
BRDA:4,1653,0,0
BRDA:4,1653,1,0
BRDA:4,1654,0,0
BRDA:4,1654,1,0
BRDA:4,1655,0,0
BRDA:4,1655,1,0
BRDA:4,1656,0,0
BRDA:4,1656,1,0
BRDA:4,1656,2,0
BRDA:4,1657,0,0
BRDA:4,1657,1,0
BRDA:4,1658,0,0
BRDA:4,1658,1,0
BRDA:4,1658,2,0
BRDA:4,1659,0,0
BRDA:4,1659,1,0
BRDA:4,1660,0,0
BRDA:4,1660,1,0
BRDA:4,1661,0,0
BRDA:4,1661,1,0
BRDA:4,1662,0,0
BRDA:4,1662,1,0
BRDA:4,1662,2,0
BRDA:4,1662,3,0
BRDA:4,1662,4,0
BRDA:4,1663,0,0
BRDA:4,1663,1,0
BRDA:4,1664,0,0
BRDA:4,1664,1,0
BRDA:4,1665,0,0
BRDA:4,1665,1,0
BRDA:4,1665,2,0
BRDA:4,1666,0,0
BRDA:4,1666,1,0
BRDA:4,1667,0,0
BRDA:4,1667,1,0
BRDA:4,1668,0,0
BRDA:4,1668,1,0
BRDA:4,1669,0,0
BRDA:4,1669,1,0
BRDA:4,1670,0,0
BRDA:4,1670,1,0
BRDA:4,1671,0,0
BRDA:4,1671,1,0
BRDA:4,1672,0,0
BRDA:4,1672,1,0
BRDA:4,1673,0,0
BRDA:4,1673,1,0
BRDA:4,1674,0,0
BRDA:4,1674,1,0
BRDA:4,1675,0,0
BRDA:4,1675,1,0
BRDA:4,1676,0,0
BRDA:4,1676,1,0
BRDA:4,1677,0,0
BRDA:4,1677,1,0
BRDA:4,1678,0,0
BRDA:4,1678,1,0
BRDA:4,1679,0,0
BRDA:4,1679,1,0
BRDA:4,1680,0,0
BRDA:4,1680,1,0
BRDA:4,1681,0,0
BRDA:4,1681,1,0
BRDA:4,1682,0,0
BRDA:4,1682,1,0
BRDA:4,1683,0,0
BRDA:4,1683,1,0
BRDA:4,1684,0,0
BRDA:4,1684,1,0
BRDA:4,1685,0,0
BRDA:4,1685,1,0
BRDA:4,1686,0,0
BRDA:4,1686,1,0
BRDA:4,1687,0,0
BRDA:4,1687,1,0
BRDA:4,1688,0,0
BRDA:4,1688,1,0
BRDA:4,1689,0,0
BRDA:4,1689,1,0
BRDA:4,1690,0,0
BRDA:4,1690,1,0
BRDA:4,1691,0,0
BRDA:4,1691,1,0
BRDA:4,1692,0,0
BRDA:4,1692,1,0
BRDA:4,1693,0,0
BRDA:4,1693,1,0
BRDA:4,1694,0,0
BRDA:4,1694,1,0
BRDA:4,1695,0,0
BRDA:4,1695,1,0
BRDA:4,1696,0,0
BRDA:4,1696,1,0
BRDA:4,1697,0,0
BRDA:4,1697,1,0
BRDA:4,1698,0,0
BRDA:4,1698,1,0
BRDA:4,1699,0,0
BRDA:4,1699,1,0
BRDA:4,1700,0,0
BRDA:4,1700,1,0
BRDA:4,1701,0,0
BRDA:4,1701,1,0
BRDA:4,1702,0,0
BRDA:4,1702,1,0
BRDA:4,1702,2,0
BRDA:4,1703,0,0
BRDA:4,1703,1,0
BRDA:4,1704,0,0
BRDA:4,1704,1,0
BRDA:4,1705,0,0
BRDA:4,1705,1,0
BRDA:4,1706,0,0
BRDA:4,1706,1,0
BRDA:4,1707,0,0
BRDA:4,1707,1,0
BRDA:4,1708,0,0
BRDA:4,1708,1,0
BRDA:4,1709,0,0
BRDA:4,1709,1,0
BRDA:4,1710,0,0
BRDA:4,1710,1,0
BRDA:4,1711,0,0
BRDA:4,1711,1,0
BRDA:4,1712,0,0
BRDA:4,1712,1,0
BRDA:4,1712,2,0
BRDA:4,1713,0,0
BRDA:4,1713,1,0
BRDA:4,1714,0,0
BRDA:4,1714,1,0
BRDA:4,1715,0,0
BRDA:4,1715,1,0
BRDA:4,1715,2,0
BRDA:4,1716,0,0
BRDA:4,1716,1,0
BRDA:4,1717,0,0
BRDA:4,1717,1,0
BRDA:4,1718,0,0
BRDA:4,1718,1,0
BRDA:4,1719,0,0
BRDA:4,1719,1,0
BRDA:4,1719,2,0
BRDA:4,1720,0,0
BRDA:4,1720,1,0
BRDA:4,1721,0,0
BRDA:4,1721,1,0
BRDA:4,1722,0,0
BRDA:4,1722,1,0
BRDA:4,1723,0,0
BRDA:4,1723,1,0
BRDA:4,1724,0,0
BRDA:4,1724,1,0
BRDA:4,1725,0,0
BRDA:4,1725,1,0
BRDA:4,1726,0,0
BRDA:4,1726,1,0
BRDA:4,1727,0,0
BRDA:4,1727,1,0
BRDA:4,1728,0,0
BRDA:4,1728,1,0
BRDA:4,1729,0,0
BRDA:4,1729,1,0
BRDA:4,1730,0,0
BRDA:4,1730,1,0
BRDA:4,1731,0,0
BRDA:4,1731,1,0
BRDA:4,1732,0,0
BRDA:4,1732,1,0
BRDA:4,1733,0,0
BRDA:4,1733,1,0
BRDA:4,1734,0,0
BRDA:4,1734,1,0
BRDA:4,1735,0,0
BRDA:4,1735,1,0
BRDA:4,1736,0,0
BRDA:4,1736,1,0
BRDA:4,1737,0,0
BRDA:4,1737,1,0
BRDA:4,1738,0,0
BRDA:4,1738,1,0
BRDA:4,1738,2,0
BRDA:4,1739,0,0
BRDA:4,1739,1,0
BRDA:4,1740,0,0
BRDA:4,1740,1,0
BRDA:4,1741,0,0
BRDA:4,1741,1,0
BRDA:4,1741,2,0
BRDA:4,1742,0,0
BRDA:4,1742,1,0
BRDA:4,1743,0,0
BRDA:4,1743,1,0
BRDA:4,1744,0,0
BRDA:4,1744,1,0
BRDA:4,1745,0,0
BRDA:4,1745,1,0
BRDA:4,1746,0,0
BRDA:4,1746,1,0
BRDA:4,1747,0,0
BRDA:4,1747,1,0
BRDA:4,1748,0,0
BRDA:4,1748,1,0
BRDA:4,1749,0,0
BRDA:4,1749,1,0
BRDA:4,1750,0,0
BRDA:4,1750,1,0
BRDA:4,1750,2,0
BRDA:4,1750,3,0
BRDA:4,1751,0,0
BRDA:4,1751,1,0
BRDA:4,1752,0,0
BRDA:4,1752,1,0
BRDA:4,1753,0,0
BRDA:4,1753,1,0
BRDA:4,1754,0,0
BRDA:4,1754,1,0
BRDA:4,1754,2,0
BRDA:4,1754,3,0
BRDA:4,1755,0,0
BRDA:4,1755,1,0
BRDA:4,1756,0,0
BRDA:4,1756,1,0
BRDA:4,1757,0,0
BRDA:4,1757,1,0
BRDA:4,1758,0,0
BRDA:4,1758,1,0
BRDA:4,1759,0,0
BRDA:4,1759,1,0
BRDA:4,1759,2,0
BRDA:4,1760,0,0
BRDA:4,1760,1,0
BRDA:4,1761,0,0
BRDA:4,1761,1,0
BRDA:4,1762,0,0
BRDA:4,1762,1,0
BRDA:4,1763,0,0
BRDA:4,1763,1,0
BRDA:4,1764,0,0
BRDA:4,1764,1,0
BRDA:4,1765,0,0
BRDA:4,1765,1,0
BRDA:4,1766,0,0
BRDA:4,1766,1,0
BRDA:4,1766,2,0
BRDA:4,1766,3,0
BRDA:4,1767,0,0
BRDA:4,1767,1,0
BRDA:4,1768,0,0
BRDA:4,1768,1,0
BRDA:4,1769,0,0
BRDA:4,1769,1,0
BRDA:4,1770,0,0
BRDA:4,1770,1,0
BRDA:4,1771,0,0
BRDA:4,1771,1,0
BRDA:4,1771,2,0
BRDA:4,1772,0,0
BRDA:4,1772,1,0
BRDA:4,1773,0,0
BRDA:4,1773,1,0
BRDA:4,1774,0,0
BRDA:4,1774,1,0
BRDA:4,1775,0,0
BRDA:4,1775,1,0
BRDA:4,1776,0,0
BRDA:4,1776,1,0
BRDA:4,1777,0,0
BRDA:4,1777,1,0
BRDA:4,1778,0,0
BRDA:4,1778,1,0
BRDA:4,1779,0,0
BRDA:4,1779,1,0
BRDA:4,1780,0,0
BRDA:4,1780,1,0
BRDA:4,1781,0,0
BRDA:4,1781,1,0
BRDA:4,1782,0,0
BRDA:4,1782,1,0
BRDA:4,1783,0,0
BRDA:4,1783,1,0
BRDA:4,1784,0,0
BRDA:4,1784,1,0
BRDA:4,1785,0,0
BRDA:4,1785,1,0
BRDA:4,1786,0,0
BRDA:4,1786,1,0
BRDA:4,1787,0,0
BRDA:4,1787,1,0
BRDA:4,1788,0,0
BRDA:4,1788,1,0
BRDA:4,1789,0,0
BRDA:4,1789,1,0
BRDA:4,1790,0,0
BRDA:4,1790,1,0
BRDA:4,1791,0,0
BRDA:4,1791,1,0
BRDA:4,1792,0,0
BRDA:4,1792,1,0
BRDA:4,1793,0,0
BRDA:4,1793,1,0
BRDA:4,1794,0,0
BRDA:4,1794,1,0
BRDA:4,1795,0,0
BRDA:4,1795,1,0
BRDA:4,1796,0,0
BRDA:4,1796,1,0
BRDA:4,1796,2,0
BRDA:4,1796,3,0
BRDA:4,1797,0,0
BRDA:4,1797,1,0
BRDA:4,1798,0,0
BRDA:4,1798,1,0
BRDA:4,1798,2,0
BRDA:4,1799,0,0
BRDA:4,1799,1,0
BRDA:4,1800,0,0
BRDA:4,1800,1,0
BRDA:4,1801,0,0
BRDA:4,1801,1,0
BRDA:4,1802,0,0
BRDA:4,1802,1,0
BRDA:4,1803,0,0
BRDA:4,1803,1,0
BRDA:4,1804,0,0
BRDA:4,1804,1,0
BRDA:4,1805,0,0
BRDA:4,1805,1,0
BRDA:4,1806,0,0
BRDA:4,1806,1,0
BRDA:4,1807,0,0
BRDA:4,1807,1,0
BRDA:4,1808,0,0
BRDA:4,1808,1,0
BRDA:4,1809,0,0
BRDA:4,1809,1,0
BRDA:4,1810,0,0
BRDA:4,1810,1,0
BRDA:4,1811,0,0
BRDA:4,1811,1,0
BRDA:4,1812,0,0
BRDA:4,1812,1,0
BRDA:4,1813,0,0
BRDA:4,1813,1,0
BRDA:4,1814,0,0
BRDA:4,1814,1,0
BRDA:4,1815,0,0
BRDA:4,1815,1,0
BRDA:4,1816,0,0
BRDA:4,1816,1,0
BRDA:4,1817,0,0
BRDA:4,1817,1,0
BRDA:4,1817,2,0
BRDA:4,1817,3,0
BRDA:4,1817,4,0
BRDA:4,1817,5,0
BRDA:4,1818,0,0
BRDA:4,1818,1,0
BRDA:4,1819,0,0
BRDA:4,1819,1,0
BRDA:4,1820,0,0
BRDA:4,1820,1,0
BRDA:4,1821,0,0
BRDA:4,1821,1,0
BRDA:4,1821,2,0
BRDA:4,1821,3,0
BRDA:4,1822,0,0
BRDA:4,1822,1,0
BRDA:4,1823,0,0
BRDA:4,1823,1,0
BRDA:4,1824,0,0
BRDA:4,1824,1,0
BRDA:4,1824,2,0
BRDA:4,1825,0,0
BRDA:4,1825,1,0
BRDA:4,1825,2,0
BRDA:4,1826,0,0
BRDA:4,1826,1,0
BRDA:4,1826,2,0
BRDA:4,1826,3,0
BRDA:4,1827,0,0
BRDA:4,1827,1,0
BRDA:4,1828,0,0
BRDA:4,1828,1,0
BRDA:4,1829,0,0
BRDA:4,1829,1,0
BRDA:4,1830,0,0
BRDA:4,1830,1,0
BRDA:4,1831,0,0
BRDA:4,1831,1,0
BRDA:4,1832,0,0
BRDA:4,1832,1,0
BRDA:4,1833,0,0
BRDA:4,1833,1,0
BRDA:4,1834,0,0
BRDA:4,1834,1,0
BRDA:4,1835,0,0
BRDA:4,1835,1,0
BRDA:4,1836,0,0
BRDA:4,1836,1,0
BRDA:4,1837,0,0
BRDA:4,1837,1,0
BRDA:4,1838,0,0
BRDA:4,1838,1,0
BRDA:4,1839,0,0
BRDA:4,1839,1,0
BRDA:4,1840,0,0
BRDA:4,1840,1,0
BRDA:4,1841,0,0
BRDA:4,1841,1,0
BRDA:4,1842,0,0
BRDA:4,1842,1,0
BRDA:4,1843,0,0
BRDA:4,1843,1,0
BRDA:4,1843,2,0
BRDA:4,1844,0,0
BRDA:4,1844,1,0
BRDA:4,1845,0,0
BRDA:4,1845,1,0
BRDA:4,1846,0,0
BRDA:4,1846,1,0
BRDA:4,1846,2,0
BRDA:4,1847,0,0
BRDA:4,1847,1,0
BRDA:4,1847,2,0
BRDA:4,1848,0,0
BRDA:4,1848,1,0
BRDA:4,1849,0,0
BRDA:4,1849,1,0
BRDA:4,1850,0,0
BRDA:4,1850,1,0
BRDA:4,1851,0,0
BRDA:4,1851,1,0
BRDA:4,1852,0,0
BRDA:4,1852,1,0
BRDA:4,1852,2,0
BRDA:4,1853,0,0
BRDA:4,1853,1,0
BRDA:4,1854,0,0
BRDA:4,1854,1,0
BRDA:4,1855,0,0
BRDA:4,1855,1,0
BRDA:4,1856,0,0
BRDA:4,1856,1,0
BRDA:4,1857,0,0
BRDA:4,1857,1,0
BRDA:4,1858,0,0
BRDA:4,1858,1,0
BRDA:4,1858,2,0
BRDA:4,1858,3,0
BRDA:4,1859,0,0
BRDA:4,1859,1,0
BRDA:4,1860,0,0
BRDA:4,1860,1,0
BRDA:4,1861,0,0
BRDA:4,1861,1,0
BRDA:4,1862,0,0
BRDA:4,1862,1,0
BRDA:4,1862,2,0
BRDA:4,1863,0,0
BRDA:4,1863,1,0
BRDA:4,1864,0,0
BRDA:4,1864,1,0
BRDA:4,1865,0,0
BRDA:4,1865,1,0
BRDA:4,1866,0,0
BRDA:4,1866,1,0
BRDA:4,1866,2,0
BRDA:4,1867,0,0
BRDA:4,1867,1,0
BRDA:4,1868,0,0
BRDA:4,1868,1,0
BRDA:4,1869,0,0
BRDA:4,1869,1,0
BRDA:4,1870,0,0
BRDA:4,1870,1,0
BRDA:4,1870,2,0
BRDA:4,1871,0,0
BRDA:4,1871,1,0
BRDA:4,1872,0,0
BRDA:4,1872,1,0
BRDA:4,1873,0,0
BRDA:4,1873,1,0
BRDA:4,1873,2,0
BRDA:4,1874,0,0
BRDA:4,1874,1,0
BRDA:4,1875,0,0
BRDA:4,1875,1,0
BRDA:4,1876,0,0
BRDA:4,1876,1,0
BRDA:4,1877,0,0
BRDA:4,1877,1,0
BRDA:4,1878,0,0
BRDA:4,1878,1,0
BRDA:4,1879,0,0
BRDA:4,1879,1,0
BRDA:4,1880,0,0
BRDA:4,1880,1,0
BRDA:4,1881,0,0
BRDA:4,1881,1,0
BRDA:4,1882,0,0
BRDA:4,1882,1,0
BRDA:4,1882,2,0
BRDA:4,1883,0,0
BRDA:4,1883,1,0
BRDA:4,1884,0,0
BRDA:4,1884,1,0
BRDA:4,1885,0,0
BRDA:4,1885,1,0
BRDA:4,1886,0,0
BRDA:4,1886,1,0
BRDA:4,1887,0,0
BRDA:4,1887,1,0
BRDA:4,1888,0,0
BRDA:4,1888,1,0
BRDA:4,1889,0,0
BRDA:4,1889,1,0
BRDA:4,1889,2,0
BRDA:4,1890,0,0
BRDA:4,1890,1,0
BRDA:4,1891,0,0
BRDA:4,1891,1,0
BRDA:4,1892,0,0
BRDA:4,1892,1,0
BRDA:4,1893,0,0
BRDA:4,1893,1,0
BRDA:4,1893,2,0
BRDA:4,1894,0,0
BRDA:4,1894,1,0
BRDA:4,1895,0,0
BRDA:4,1895,1,0
BRDA:4,1896,0,0
BRDA:4,1896,1,0
BRDA:4,1897,0,0
BRDA:4,1897,1,0
BRDA:4,1898,0,0
BRDA:4,1898,1,0
BRDA:4,1899,0,0
BRDA:4,1899,1,0
BRDA:4,1900,0,0
BRDA:4,1900,1,0
BRDA:4,1901,0,0
BRDA:4,1901,1,0
BRDA:4,1902,0,0
BRDA:4,1902,1,0
BRDA:4,1903,0,0
BRDA:4,1903,1,0
BRDA:4,1904,0,0
BRDA:4,1904,1,0
BRDA:4,1905,0,0
BRDA:4,1905,1,0
BRDA:4,1906,0,0
BRDA:4,1906,1,0
BRDA:4,1907,0,0
BRDA:4,1907,1,0
BRDA:4,1908,0,0
BRDA:4,1908,1,0
BRDA:4,1909,0,0
BRDA:4,1909,1,0
BRDA:4,1910,0,0
BRDA:4,1910,1,0
BRDA:4,1911,0,0
BRDA:4,1911,1,0
BRDA:4,1912,0,0
BRDA:4,1912,1,0
BRDA:4,1913,0,0
BRDA:4,1913,1,0
BRDA:4,1914,0,0
BRDA:4,1914,1,0
BRDA:4,1915,0,0
BRDA:4,1915,1,0
BRDA:4,1916,0,0
BRDA:4,1916,1,0
BRDA:4,1917,0,0
BRDA:4,1917,1,0
BRDA:4,1918,0,0
BRDA:4,1918,1,0
BRDA:4,1919,0,0
BRDA:4,1919,1,0
BRDA:4,1920,0,0
BRDA:4,1920,1,0
BRDA:4,1921,0,0
BRDA:4,1921,1,0
BRDA:4,1922,0,0
BRDA:4,1922,1,0
BRDA:4,1923,0,0
BRDA:4,1923,1,0
BRDA:4,1924,0,0
BRDA:4,1924,1,0
BRDA:4,1925,0,0
BRDA:4,1925,1,0
BRDA:4,1926,0,0
BRDA:4,1926,1,0
BRDA:4,1927,0,0
BRDA:4,1927,1,0
BRDA:4,1928,0,0
BRDA:4,1928,1,0
BRDA:4,1929,0,0
BRDA:4,1929,1,0
BRDA:4,1930,0,0
BRDA:4,1930,1,0
BRDA:4,1931,0,0
BRDA:4,1931,1,0
BRDA:4,1932,0,0
BRDA:4,1932,1,0
BRDA:4,1933,0,0
BRDA:4,1933,1,0
BRDA:4,1934,0,0
BRDA:4,1934,1,0
BRDA:4,1935,0,0
BRDA:4,1935,1,0
BRDA:4,1936,0,0
BRDA:4,1936,1,0
BRDA:4,1937,0,0
BRDA:4,1937,1,0
BRDA:4,1938,0,0
BRDA:4,1938,1,0
BRDA:4,1939,0,0
BRDA:4,1939,1,0
BRDA:4,1940,0,0
BRDA:4,1940,1,0
BRDA:4,1941,0,0
BRDA:4,1941,1,0
BRDA:4,1942,0,0
BRDA:4,1942,1,0
BRDA:4,1943,0,0
BRDA:4,1943,1,0
BRDA:4,1944,0,0
BRDA:4,1944,1,0
BRDA:4,1945,0,0
BRDA:4,1945,1,0
BRDA:4,1946,0,0
BRDA:4,1946,1,0
BRDA:4,1947,0,0
BRDA:4,1947,1,0
BRDA:5,1948,0,0
BRDA:5,1948,1,0
BRDA:5,1949,0,0
BRDA:5,1949,1,0
BRDA:5,1950,0,0
BRDA:5,1950,1,0
BRDA:5,1951,0,0
BRDA:5,1951,1,0
BRDA:5,1952,0,0
BRDA:5,1952,1,0
BRDA:5,1953,0,0
BRDA:5,1953,1,0
BRDA:5,1954,0,0
BRDA:5,1954,1,0
BRDA:5,1955,0,0
BRDA:5,1955,1,0
BRDA:5,1956,0,0
BRDA:5,1956,1,0
BRDA:5,1957,0,0
BRDA:5,1957,1,0
BRDA:5,1958,0,0
BRDA:5,1958,1,0
BRDA:5,1959,0,0
BRDA:5,1959,1,0
BRDA:5,1960,0,0
BRDA:5,1960,1,0
BRDA:5,1961,0,0
BRDA:5,1961,1,0
BRDA:5,1961,2,0
BRDA:5,1961,3,0
BRDA:5,1962,0,0
BRDA:5,1962,1,0
BRDA:5,1962,2,0
BRDA:5,1963,0,0
BRDA:5,1963,1,0
BRDA:5,1964,0,0
BRDA:5,1964,1,0
BRDA:5,1965,0,0
BRDA:5,1965,1,0
BRDA:5,1966,0,0
BRDA:5,1966,1,0
BRDA:5,1967,0,0
BRDA:5,1967,1,0
BRDA:5,1968,0,0
BRDA:5,1968,1,0
BRDA:5,1969,0,0
BRDA:5,1969,1,0
BRDA:5,1970,0,0
BRDA:5,1970,1,0
BRDA:5,1971,0,0
BRDA:5,1971,1,0
BRDA:5,1972,0,0
BRDA:5,1972,1,0
BRDA:5,1973,0,0
BRDA:5,1973,1,0
BRDA:5,1974,0,0
BRDA:5,1974,1,0
BRDA:5,1975,0,0
BRDA:5,1975,1,0
BRDA:5,1976,0,0
BRDA:5,1976,1,0
BRDA:5,1977,0,0
BRDA:5,1977,1,0
BRDA:5,1978,0,0
BRDA:5,1978,1,0
BRDA:5,1979,0,0
BRDA:5,1979,1,0
BRDA:5,1980,0,0
BRDA:5,1980,1,0
BRDA:5,1981,0,0
BRDA:5,1981,1,0
BRDA:5,1982,0,0
BRDA:5,1982,1,0
BRDA:5,1982,2,0
BRDA:5,1983,0,0
BRDA:5,1983,1,0
BRDA:5,1983,2,0
BRDA:5,1983,3,0
BRDA:5,1984,0,0
BRDA:5,1984,1,0
BRDA:5,1985,0,0
BRDA:5,1985,1,0
BRDA:5,1986,0,0
BRDA:5,1986,1,0
BRDA:5,1987,0,0
BRDA:5,1987,1,0
BRDA:5,1988,0,0
BRDA:5,1988,1,0
BRDA:5,1989,0,0
BRDA:5,1989,1,0
BRDA:5,1990,0,0
BRDA:5,1990,1,0
BRDA:5,1991,0,0
BRDA:5,1991,1,0
BRDA:5,1992,0,0
BRDA:5,1992,1,0
BRDA:5,1992,2,0
BRDA:5,1993,0,0
BRDA:5,1993,1,0
BRDA:5,1994,0,0
BRDA:5,1994,1,0
BRDA:5,1995,0,0
BRDA:5,1995,1,0
BRDA:5,1996,0,0
BRDA:5,1996,1,0
BRDA:5,1997,0,0
BRDA:5,1997,1,0
BRDA:5,1998,0,0
BRDA:5,1998,1,0
BRDA:5,1998,2,0
BRDA:5,1999,0,0
BRDA:5,1999,1,0
BRDA:5,2000,0,0
BRDA:5,2000,1,0
BRDA:5,2000,2,0
BRDA:5,2001,0,0
BRDA:5,2001,1,0
BRDA:5,2002,0,0
BRDA:5,2002,1,0
BRDA:5,2003,0,0
BRDA:5,2003,1,0
BRDA:5,2004,0,0
BRDA:5,2004,1,0
BRDA:5,2005,0,0
BRDA:5,2005,1,0
BRDA:5,2006,0,0
BRDA:5,2006,1,0
BRDA:5,2007,0,0
BRDA:5,2007,1,0
BRDA:5,2008,0,0
BRDA:5,2008,1,0
BRDA:5,2009,0,0
BRDA:5,2009,1,0
BRDA:5,2010,0,0
BRDA:5,2010,1,0
BRDA:5,2011,0,0
BRDA:5,2011,1,0
BRDA:5,2012,0,0
BRDA:5,2012,1,0
BRDA:5,2013,0,0
BRDA:5,2013,1,0
BRDA:5,2014,0,0
BRDA:5,2014,1,0
BRDA:5,2015,0,0
BRDA:5,2015,1,0
BRDA:5,2016,0,0
BRDA:5,2016,1,0
BRDA:5,2017,0,0
BRDA:5,2017,1,0
BRDA:5,2018,0,0
BRDA:5,2018,1,0
BRDA:5,2019,0,0
BRDA:5,2019,1,0
BRDA:5,2020,0,0
BRDA:5,2020,1,0
BRDA:5,2021,0,0
BRDA:5,2021,1,0
BRDA:5,2022,0,0
BRDA:5,2022,1,0
BRDA:5,2023,0,0
BRDA:5,2023,1,0
BRDA:5,2024,0,0
BRDA:5,2024,1,0
BRDA:5,2025,0,0
BRDA:5,2025,1,0
BRDA:5,2026,0,0
BRDA:5,2026,1,0
BRDA:5,2027,0,0
BRDA:5,2027,1,0
BRDA:5,2028,0,0
BRDA:5,2028,1,0
BRDA:5,2029,0,0
BRDA:5,2029,1,0
BRDA:5,2030,0,0
BRDA:5,2030,1,0
BRDA:5,2031,0,0
BRDA:5,2031,1,0
BRDA:5,2032,0,0
BRDA:5,2032,1,0
BRDA:5,2033,0,0
BRDA:5,2033,1,0
BRDA:5,2034,0,0
BRDA:5,2034,1,0
BRDA:5,2035,0,0
BRDA:5,2035,1,0
BRDA:5,2036,0,0
BRDA:5,2036,1,0
BRDA:5,2037,0,0
BRDA:5,2037,1,0
BRDA:5,2038,0,0
BRDA:5,2038,1,0
BRDA:5,2039,0,0
BRDA:5,2039,1,0
BRDA:5,2040,0,0
BRDA:5,2040,1,0
BRDA:5,2041,0,0
BRDA:5,2041,1,0
BRDA:5,2042,0,0
BRDA:5,2042,1,0
BRDA:5,2043,0,0
BRDA:5,2043,1,0
BRDA:5,2044,0,0
BRDA:5,2044,1,0
BRDA:5,2045,0,0
BRDA:5,2045,1,0
BRDA:5,2046,0,0
BRDA:5,2046,1,0
BRDA:5,2047,0,0
BRDA:5,2047,1,0
BRDA:5,2048,0,0
BRDA:5,2048,1,0
BRDA:5,2049,0,0
BRDA:5,2049,1,0
BRDA:5,2050,0,0
BRDA:5,2050,1,0
BRDA:5,2051,0,0
BRDA:5,2051,1,0
BRDA:5,2052,0,0
BRDA:5,2052,1,0
BRDA:5,2053,0,0
BRDA:5,2053,1,0
BRDA:5,2054,0,0
BRDA:5,2054,1,0
BRDA:5,2054,2,0
BRDA:5,2054,3,0
BRDA:5,2055,0,0
BRDA:5,2055,1,0
BRDA:5,2056,0,0
BRDA:5,2056,1,0
BRDA:5,2057,0,0
BRDA:5,2057,1,0
BRDA:5,2058,0,0
BRDA:5,2058,1,0
BRDA:5,2059,0,0
BRDA:5,2059,1,0
BRDA:5,2060,0,0
BRDA:5,2060,1,0
BRDA:5,2060,2,0
BRDA:5,2060,3,0
BRDA:5,2060,4,0
BRDA:5,2060,5,0
BRDA:5,2060,6,0
BRDA:5,2061,0,0
BRDA:5,2061,1,0
BRDA:5,2062,0,0
BRDA:5,2062,1,0
BRDA:5,2063,0,0
BRDA:5,2063,1,0
BRDA:5,2064,0,0
BRDA:5,2064,1,0
BRDA:5,2065,0,0
BRDA:5,2065,1,0
BRDA:5,2066,0,0
BRDA:5,2066,1,0
BRDA:5,2067,0,0
BRDA:5,2067,1,0
BRDA:5,2068,0,0
BRDA:5,2068,1,0
BRDA:5,2069,0,0
BRDA:5,2069,1,0
BRDA:5,2070,0,0
BRDA:5,2070,1,0
BRDA:5,2071,0,0
BRDA:5,2071,1,0
BRDA:5,2072,0,0
BRDA:5,2072,1,0
BRDA:5,2073,0,0
BRDA:5,2073,1,0
BRDA:5,2074,0,0
BRDA:5,2074,1,0
BRDA:5,2075,0,0
BRDA:5,2075,1,0
BRDA:5,2076,0,0
BRDA:5,2076,1,0
BRDA:5,2077,0,0
BRDA:5,2077,1,0
BRDA:5,2078,0,0
BRDA:5,2078,1,0
BRDA:5,2079,0,0
BRDA:5,2079,1,0
BRDA:5,2080,0,0
BRDA:5,2080,1,0
BRDA:5,2081,0,0
BRDA:5,2081,1,0
BRDA:5,2082,0,0
BRDA:5,2082,1,0
BRDA:5,2083,0,0
BRDA:5,2083,1,0
BRDA:5,2084,0,0
BRDA:5,2084,1,0
BRDA:5,2085,0,0
BRDA:5,2085,1,0
BRDA:5,2086,0,0
BRDA:5,2086,1,0
BRDA:5,2087,0,0
BRDA:5,2087,1,0
BRDA:5,2088,0,0
BRDA:5,2088,1,0
BRDA:5,2089,0,0
BRDA:5,2089,1,0
BRDA:5,2089,2,0
BRDA:5,2090,0,0
BRDA:5,2090,1,0
BRDA:5,2091,0,0
BRDA:5,2091,1,0
BRDA:5,2092,0,0
BRDA:5,2092,1,0
BRDA:5,2093,0,0
BRDA:5,2093,1,0
BRDA:5,2094,0,0
BRDA:5,2094,1,0
BRDA:5,2095,0,0
BRDA:5,2095,1,0
BRDA:5,2096,0,0
BRDA:5,2096,1,0
BRDA:5,2096,2,0
BRDA:5,2097,0,0
BRDA:5,2097,1,0
BRDA:5,2098,0,0
BRDA:5,2098,1,0
BRDA:5,2099,0,0
BRDA:5,2099,1,0
BRDA:5,2100,0,0
BRDA:5,2100,1,0
BRDA:5,2101,0,0
BRDA:5,2101,1,0
BRDA:5,2102,0,0
BRDA:5,2102,1,0
BRDA:5,2103,0,0
BRDA:5,2103,1,0
BRDA:5,2104,0,0
BRDA:5,2104,1,0
BRF:4606
BRH:0
end_of_record
TN:
SF:C:\Users\micha\Projects\typedoc-plugin-markdown-pages\src\utilities\filesystem-utilities.ts
FN:3,getDirectoryContents
FN:11,isDirectory
FNF:2
FNH:0
FNDA:0,getDirectoryContents
FNDA:0,isDirectory
DA:4,0
DA:5,0
DA:7,0
DA:12,0
DA:13,0
DA:15,0
LF:6
LH:0
BRF:0
BRH:0
end_of_record
TN:
SF:C:\Users\micha\Projects\typedoc-plugin-markdown-pages\src\utilities\path-utilities.ts
FN:3,getFileName
FN:7,getFileExtension
FN:15,getHumanReadableNameFromFileName
FN:20,(anonymous_3)
FNF:4
FNH:0
FNDA:0,getFileName
FNDA:0,getFileExtension
FNDA:0,getHumanReadableNameFromFileName
FNDA:0,(anonymous_3)
DA:4,0
DA:8,0
DA:9,0
DA:10,0
DA:12,0
DA:16,0
DA:20,0
LF:7
LH:0
BRDA:9,0,0,0
BRDA:9,0,1,0
BRDA:9,1,0,0
BRDA:9,1,1,0
BRDA:9,1,2,0
BRF:5
BRH:0
end_of_record
TN:
SF:C:\Users\micha\Projects\typedoc-plugin-markdown-pages\src\utilities\theme-utilities.ts
FN:5,setupTheme
FNF:1
FNH:0
FNDA:0,setupTheme
DA:6,0
DA:9,0
DA:12,0
DA:13,0
LF:4
LH:0
BRDA:12,0,0,0
BRDA:12,0,1,0
BRF:2
BRH:0
end_of_record
